[2026-05-05T21:40:30.865+0000] {local_task_job_runner.py:123} INFO - ::group::Pre task execution logs
[2026-05-05T21:40:30.887+0000] {taskinstance.py:2613} INFO - Dependencies all met for dep_context=non-requeueable deps ti=<TaskInstance: banking_etl_pipeline.spark_transform manual__2026-05-05T21:40:28+00:00 [queued]>
[2026-05-05T21:40:30.898+0000] {taskinstance.py:2613} INFO - Dependencies all met for dep_context=requeueable deps ti=<TaskInstance: banking_etl_pipeline.spark_transform manual__2026-05-05T21:40:28+00:00 [queued]>
[2026-05-05T21:40:30.898+0000] {taskinstance.py:2866} INFO - Starting attempt 1 of 1
[2026-05-05T21:40:30.913+0000] {taskinstance.py:2889} INFO - Executing <Task(PythonOperator): spark_transform> on 2026-05-05 21:40:28+00:00
[2026-05-05T21:40:30.922+0000] {standard_task_runner.py:104} INFO - Running: ['***', 'tasks', 'run', 'banking_etl_pipeline', 'spark_transform', 'manual__2026-05-05T21:40:28+00:00', '--job-id', '15', '--raw', '--subdir', 'DAGS_FOLDER/banking_etl_dag.py', '--cfg-path', '/tmp/tmp479e7hja']
[2026-05-05T21:40:30.924+0000] {standard_task_runner.py:105} INFO - Job 15: Subtask spark_transform
[2026-05-05T21:40:30.925+0000] {logging_mixin.py:190} WARNING - /home/***/.local/lib/python3.12/site-packages/***/task/task_runner/standard_task_runner.py:70 DeprecationWarning: This process (pid=460) is multi-threaded, use of fork() may lead to deadlocks in the child.
[2026-05-05T21:40:30.926+0000] {standard_task_runner.py:72} INFO - Started process 461 to run task
[2026-05-05T21:40:30.976+0000] {task_command.py:467} INFO - Running <TaskInstance: banking_etl_pipeline.spark_transform manual__2026-05-05T21:40:28+00:00 [running]> on host 4b5a4ba9c483
[2026-05-05T21:40:31.075+0000] {taskinstance.py:3132} INFO - Exporting env vars: AIRFLOW_CTX_DAG_OWNER='data_team' AIRFLOW_CTX_DAG_ID='banking_etl_pipeline' AIRFLOW_CTX_TASK_ID='spark_transform' AIRFLOW_CTX_EXECUTION_DATE='2026-05-05T21:40:28+00:00' AIRFLOW_CTX_TRY_NUMBER='1' AIRFLOW_CTX_DAG_RUN_ID='manual__2026-05-05T21:40:28+00:00'
[2026-05-05T21:40:31.075+0000] {taskinstance.py:731} INFO - ::endgroup::
[2026-05-05T21:40:31.094+0000] {banking_etl_dag.py:55} INFO - === TRANSFORM ===
[2026-05-05T21:40:32.880+0000] {banking_etl_dag.py:66} INFO - 
[2026-05-05T21:40:32.881+0000] {banking_etl_dag.py:68} ERROR - /home/***/.local/lib/python3.12/site-packages/pyspark/bin/spark-class: line 71: /usr/lib/jvm/java-17-openjdk-amd64/bin/java: No such file or directory
/home/***/.local/lib/python3.12/site-packages/pyspark/bin/spark-class: line 97: CMD: bad array subscript
Traceback (most recent call last):
  File "/opt/***/spark/transform.py", line 14, in <module>
    .getOrCreate()
     ^^^^^^^^^^^^^
  File "/home/***/.local/lib/python3.12/site-packages/pyspark/sql/session.py", line 557, in getOrCreate
    sc = SparkContext.getOrCreate(sparkConf)
         ^^^^^^^^^^^^^^^^^^^^^^^^^^^^^^^^^^^
  File "/home/***/.local/lib/python3.12/site-packages/pyspark/core/context.py", line 542, in getOrCreate
    SparkContext(conf=conf or SparkConf())
  File "/home/***/.local/lib/python3.12/site-packages/pyspark/core/context.py", line 206, in __init__
    SparkContext._ensure_initialized(self, gateway=gateway, conf=conf)
  File "/home/***/.local/lib/python3.12/site-packages/pyspark/core/context.py", line 463, in _ensure_initialized
    SparkContext._gateway = gateway or launch_gateway(conf)
                                       ^^^^^^^^^^^^^^^^^^^^
  File "/home/***/.local/lib/python3.12/site-packages/pyspark/java_gateway.py", line 111, in launch_gateway
    raise PySparkRuntimeError(
pyspark.errors.exceptions.base.PySparkRuntimeError: [JAVA_GATEWAY_EXITED] Java gateway process exited before sending its port number.

[2026-05-05T21:40:32.882+0000] {taskinstance.py:3311} ERROR - Task failed with exception
Traceback (most recent call last):
  File "/home/airflow/.local/lib/python3.12/site-packages/airflow/models/taskinstance.py", line 767, in _execute_task
    result = _execute_callable(context=context, **execute_callable_kwargs)
             ^^^^^^^^^^^^^^^^^^^^^^^^^^^^^^^^^^^^^^^^^^^^^^^^^^^^^^^^^^^^^
  File "/home/airflow/.local/lib/python3.12/site-packages/airflow/models/taskinstance.py", line 733, in _execute_callable
    return ExecutionCallableRunner(
           ^^^^^^^^^^^^^^^^^^^^^^^^
  File "/home/airflow/.local/lib/python3.12/site-packages/airflow/utils/operator_helpers.py", line 252, in run
    return self.func(*args, **kwargs)
           ^^^^^^^^^^^^^^^^^^^^^^^^^^
  File "/home/airflow/.local/lib/python3.12/site-packages/airflow/models/baseoperator.py", line 422, in wrapper
    return func(self, *args, **kwargs)
           ^^^^^^^^^^^^^^^^^^^^^^^^^^^
  File "/home/airflow/.local/lib/python3.12/site-packages/airflow/operators/python.py", line 238, in execute
    return_value = self.execute_callable()
                   ^^^^^^^^^^^^^^^^^^^^^^^
  File "/home/airflow/.local/lib/python3.12/site-packages/airflow/operators/python.py", line 256, in execute_callable
    return runner.run(*self.op_args, **self.op_kwargs)
           ^^^^^^^^^^^^^^^^^^^^^^^^^^^^^^^^^^^^^^^^^^^
  File "/home/airflow/.local/lib/python3.12/site-packages/airflow/utils/operator_helpers.py", line 252, in run
    return self.func(*args, **kwargs)
           ^^^^^^^^^^^^^^^^^^^^^^^^^^
  File "/opt/airflow/dags/banking_etl_dag.py", line 69, in run_transform
    raise RuntimeError(result.stderr)
RuntimeError: /home/***/.local/lib/python3.12/site-packages/pyspark/bin/spark-class: line 71: /usr/lib/jvm/java-17-openjdk-amd64/bin/java: No such file or directory
/home/***/.local/lib/python3.12/site-packages/pyspark/bin/spark-class: line 97: CMD: bad array subscript
Traceback (most recent call last):
  File "/opt/***/spark/transform.py", line 14, in <module>
    .getOrCreate()
     ^^^^^^^^^^^^^
  File "/home/***/.local/lib/python3.12/site-packages/pyspark/sql/session.py", line 557, in getOrCreate
    sc = SparkContext.getOrCreate(sparkConf)
         ^^^^^^^^^^^^^^^^^^^^^^^^^^^^^^^^^^^
  File "/home/***/.local/lib/python3.12/site-packages/pyspark/core/context.py", line 542, in getOrCreate
    SparkContext(conf=conf or SparkConf())
  File "/home/***/.local/lib/python3.12/site-packages/pyspark/core/context.py", line 206, in __init__
    SparkContext._ensure_initialized(self, gateway=gateway, conf=conf)
  File "/home/***/.local/lib/python3.12/site-packages/pyspark/core/context.py", line 463, in _ensure_initialized
    SparkContext._gateway = gateway or launch_gateway(conf)
                                       ^^^^^^^^^^^^^^^^^^^^
  File "/home/***/.local/lib/python3.12/site-packages/pyspark/java_gateway.py", line 111, in launch_gateway
    raise PySparkRuntimeError(
pyspark.errors.exceptions.base.PySparkRuntimeError: [JAVA_GATEWAY_EXITED] Java gateway process exited before sending its port number.

[2026-05-05T21:40:32.902+0000] {taskinstance.py:1225} INFO - Marking task as FAILED. dag_id=banking_etl_pipeline, task_id=spark_transform, run_id=manual__2026-05-05T21:40:28+00:00, execution_date=20260505T214028, start_date=20260505T214030, end_date=20260505T214032
[2026-05-05T21:40:32.925+0000] {taskinstance.py:340} INFO - ::group::Post task execution logs
[2026-05-05T21:40:32.927+0000] {standard_task_runner.py:124} ERROR - Failed to execute job 15 for task spark_transform (/home/***/.local/lib/python3.12/site-packages/pyspark/bin/spark-class: line 71: /usr/lib/jvm/java-17-openjdk-amd64/bin/java: No such file or directory
/home/***/.local/lib/python3.12/site-packages/pyspark/bin/spark-class: line 97: CMD: bad array subscript
Traceback (most recent call last):
  File "/opt/***/spark/transform.py", line 14, in <module>
    .getOrCreate()
     ^^^^^^^^^^^^^
  File "/home/***/.local/lib/python3.12/site-packages/pyspark/sql/session.py", line 557, in getOrCreate
    sc = SparkContext.getOrCreate(sparkConf)
         ^^^^^^^^^^^^^^^^^^^^^^^^^^^^^^^^^^^
  File "/home/***/.local/lib/python3.12/site-packages/pyspark/core/context.py", line 542, in getOrCreate
    SparkContext(conf=conf or SparkConf())
  File "/home/***/.local/lib/python3.12/site-packages/pyspark/core/context.py", line 206, in __init__
    SparkContext._ensure_initialized(self, gateway=gateway, conf=conf)
  File "/home/***/.local/lib/python3.12/site-packages/pyspark/core/context.py", line 463, in _ensure_initialized
    SparkContext._gateway = gateway or launch_gateway(conf)
                                       ^^^^^^^^^^^^^^^^^^^^
  File "/home/***/.local/lib/python3.12/site-packages/pyspark/java_gateway.py", line 111, in launch_gateway
    raise PySparkRuntimeError(
pyspark.errors.exceptions.base.PySparkRuntimeError: [JAVA_GATEWAY_EXITED] Java gateway process exited before sending its port number.
; 461)
Traceback (most recent call last):
  File "/home/airflow/.local/lib/python3.12/site-packages/airflow/task/task_runner/standard_task_runner.py", line 117, in _start_by_fork
    ret = args.func(args, dag=self.dag)
          ^^^^^^^^^^^^^^^^^^^^^^^^^^^^^
  File "/home/airflow/.local/lib/python3.12/site-packages/airflow/cli/cli_config.py", line 49, in command
    return func(*args, **kwargs)
           ^^^^^^^^^^^^^^^^^^^^^
  File "/home/airflow/.local/lib/python3.12/site-packages/airflow/utils/cli.py", line 116, in wrapper
    return f(*args, **kwargs)
           ^^^^^^^^^^^^^^^^^^
  File "/home/airflow/.local/lib/python3.12/site-packages/airflow/cli/commands/task_command.py", line 483, in task_run
    task_return_code = _run_task_by_selected_method(args, _dag, ti)
                       ^^^^^^^^^^^^^^^^^^^^^^^^^^^^^^^^^^^^^^^^^^^^
  File "/home/airflow/.local/lib/python3.12/site-packages/airflow/cli/commands/task_command.py", line 256, in _run_task_by_selected_method
    return _run_raw_task(args, ti)
           ^^^^^^^^^^^^^^^^^^^^^^^
  File "/home/airflow/.local/lib/python3.12/site-packages/airflow/cli/commands/task_command.py", line 341, in _run_raw_task
    return ti._run_raw_task(
           ^^^^^^^^^^^^^^^^^
  File "/home/airflow/.local/lib/python3.12/site-packages/airflow/utils/session.py", line 97, in wrapper
    return func(*args, session=session, **kwargs)
           ^^^^^^^^^^^^^^^^^^^^^^^^^^^^^^^^^^^^^^
  File "/home/airflow/.local/lib/python3.12/site-packages/airflow/models/taskinstance.py", line 3005, in _run_raw_task
    return _run_raw_task(
           ^^^^^^^^^^^^^^
  File "/home/airflow/.local/lib/python3.12/site-packages/airflow/models/taskinstance.py", line 273, in _run_raw_task
    TaskInstance._execute_task_with_callbacks(
  File "/home/airflow/.local/lib/python3.12/site-packages/airflow/models/taskinstance.py", line 3159, in _execute_task_with_callbacks
    result = self._execute_task(context, task_orig)
             ^^^^^^^^^^^^^^^^^^^^^^^^^^^^^^^^^^^^^^
  File "/home/airflow/.local/lib/python3.12/site-packages/airflow/models/taskinstance.py", line 3183, in _execute_task
    return _execute_task(self, context, task_orig)
           ^^^^^^^^^^^^^^^^^^^^^^^^^^^^^^^^^^^^^^^
  File "/home/airflow/.local/lib/python3.12/site-packages/airflow/models/taskinstance.py", line 767, in _execute_task
    result = _execute_callable(context=context, **execute_callable_kwargs)
             ^^^^^^^^^^^^^^^^^^^^^^^^^^^^^^^^^^^^^^^^^^^^^^^^^^^^^^^^^^^^^
  File "/home/airflow/.local/lib/python3.12/site-packages/airflow/models/taskinstance.py", line 733, in _execute_callable
    return ExecutionCallableRunner(
           ^^^^^^^^^^^^^^^^^^^^^^^^
  File "/home/airflow/.local/lib/python3.12/site-packages/airflow/utils/operator_helpers.py", line 252, in run
    return self.func(*args, **kwargs)
           ^^^^^^^^^^^^^^^^^^^^^^^^^^
  File "/home/airflow/.local/lib/python3.12/site-packages/airflow/models/baseoperator.py", line 422, in wrapper
    return func(self, *args, **kwargs)
           ^^^^^^^^^^^^^^^^^^^^^^^^^^^
  File "/home/airflow/.local/lib/python3.12/site-packages/airflow/operators/python.py", line 238, in execute
    return_value = self.execute_callable()
                   ^^^^^^^^^^^^^^^^^^^^^^^
  File "/home/airflow/.local/lib/python3.12/site-packages/airflow/operators/python.py", line 256, in execute_callable
    return runner.run(*self.op_args, **self.op_kwargs)
           ^^^^^^^^^^^^^^^^^^^^^^^^^^^^^^^^^^^^^^^^^^^
  File "/home/airflow/.local/lib/python3.12/site-packages/airflow/utils/operator_helpers.py", line 252, in run
    return self.func(*args, **kwargs)
           ^^^^^^^^^^^^^^^^^^^^^^^^^^
  File "/opt/airflow/dags/banking_etl_dag.py", line 69, in run_transform
    raise RuntimeError(result.stderr)
RuntimeError: /home/***/.local/lib/python3.12/site-packages/pyspark/bin/spark-class: line 71: /usr/lib/jvm/java-17-openjdk-amd64/bin/java: No such file or directory
/home/***/.local/lib/python3.12/site-packages/pyspark/bin/spark-class: line 97: CMD: bad array subscript
Traceback (most recent call last):
  File "/opt/***/spark/transform.py", line 14, in <module>
    .getOrCreate()
     ^^^^^^^^^^^^^
  File "/home/***/.local/lib/python3.12/site-packages/pyspark/sql/session.py", line 557, in getOrCreate
    sc = SparkContext.getOrCreate(sparkConf)
         ^^^^^^^^^^^^^^^^^^^^^^^^^^^^^^^^^^^
  File "/home/***/.local/lib/python3.12/site-packages/pyspark/core/context.py", line 542, in getOrCreate
    SparkContext(conf=conf or SparkConf())
  File "/home/***/.local/lib/python3.12/site-packages/pyspark/core/context.py", line 206, in __init__
    SparkContext._ensure_initialized(self, gateway=gateway, conf=conf)
  File "/home/***/.local/lib/python3.12/site-packages/pyspark/core/context.py", line 463, in _ensure_initialized
    SparkContext._gateway = gateway or launch_gateway(conf)
                                       ^^^^^^^^^^^^^^^^^^^^
  File "/home/***/.local/lib/python3.12/site-packages/pyspark/java_gateway.py", line 111, in launch_gateway
    raise PySparkRuntimeError(
pyspark.errors.exceptions.base.PySparkRuntimeError: [JAVA_GATEWAY_EXITED] Java gateway process exited before sending its port number.

[2026-05-05T21:40:32.956+0000] {local_task_job_runner.py:266} INFO - Task exited with return code 1
[2026-05-05T21:40:32.978+0000] {taskinstance.py:3895} INFO - 0 downstream tasks scheduled from follow-on schedule check
[2026-05-05T21:40:32.982+0000] {local_task_job_runner.py:245} INFO - ::endgroup::
