[2026-05-06T22:07:00.692+0000] {local_task_job_runner.py:123} INFO - ::group::Pre task execution logs
[2026-05-06T22:07:00.860+0000] {taskinstance.py:2613} INFO - Dependencies all met for dep_context=non-requeueable deps ti=<TaskInstance: banking_etl_pipeline.load_to_snowflake manual__2026-05-06T22:06:10.191813+00:00 [queued]>
[2026-05-06T22:07:00.886+0000] {taskinstance.py:2613} INFO - Dependencies all met for dep_context=requeueable deps ti=<TaskInstance: banking_etl_pipeline.load_to_snowflake manual__2026-05-06T22:06:10.191813+00:00 [queued]>
[2026-05-06T22:07:00.887+0000] {taskinstance.py:2866} INFO - Starting attempt 1 of 1
[2026-05-06T22:07:00.933+0000] {taskinstance.py:2889} INFO - Executing <Task(PythonOperator): load_to_snowflake> on 2026-05-06 22:06:10.191813+00:00
[2026-05-06T22:07:00.943+0000] {standard_task_runner.py:104} INFO - Running: ['***', 'tasks', 'run', 'banking_etl_pipeline', 'load_to_snowflake', 'manual__2026-05-06T22:06:10.191813+00:00', '--job-id', '37', '--raw', '--subdir', 'DAGS_FOLDER/banking_etl_dag.py', '--cfg-path', '/tmp/tmp_fd8feey']
[2026-05-06T22:07:00.946+0000] {standard_task_runner.py:105} INFO - Job 37: Subtask load_to_snowflake
[2026-05-06T22:07:00.951+0000] {logging_mixin.py:190} WARNING - /home/***/.local/lib/python3.12/site-packages/***/task/task_runner/standard_task_runner.py:70 DeprecationWarning: This process (pid=1116) is multi-threaded, use of fork() may lead to deadlocks in the child.
[2026-05-06T22:07:00.951+0000] {standard_task_runner.py:72} INFO - Started process 1117 to run task
[2026-05-06T22:07:01.013+0000] {task_command.py:467} INFO - Running <TaskInstance: banking_etl_pipeline.load_to_snowflake manual__2026-05-06T22:06:10.191813+00:00 [running]> on host 7610047a6209
[2026-05-06T22:07:01.334+0000] {taskinstance.py:3132} INFO - Exporting env vars: AIRFLOW_CTX_DAG_OWNER='data_team' AIRFLOW_CTX_DAG_ID='banking_etl_pipeline' AIRFLOW_CTX_TASK_ID='load_to_snowflake' AIRFLOW_CTX_EXECUTION_DATE='2026-05-06T22:06:10.191813+00:00' AIRFLOW_CTX_TRY_NUMBER='1' AIRFLOW_CTX_DAG_RUN_ID='manual__2026-05-06T22:06:10.191813+00:00'
[2026-05-06T22:07:01.339+0000] {taskinstance.py:731} INFO - ::endgroup::
[2026-05-06T22:07:01.436+0000] {banking_etl_dag.py:72} INFO - === LOAD ===
[2026-05-06T22:07:36.173+0000] {banking_etl_dag.py:83} INFO - ✓ Spark ready
✓ Snowflake connected

Loading dim_date...
  Rows: 248
  ✓ Done: 248 rows

Loading dim_account...
  Rows: 416
  ✓ Done: 416 rows

Loading dim_merchant...
  Rows: 100
  ✓ Done: 100 rows

Loading dim_transaction_type...
  Rows: 2
  ✓ Done: 2 rows

Loading fact_transactions...
  Rows: 1000
  ✓ Done: 1000 rows

✓✓✓ Load complete!

[2026-05-06T22:07:36.175+0000] {python.py:240} INFO - Done. Returned value was: None
[2026-05-06T22:07:36.198+0000] {taskinstance.py:340} INFO - ::group::Post task execution logs
[2026-05-06T22:07:36.200+0000] {taskinstance.py:352} INFO - Marking task as SUCCESS. dag_id=banking_etl_pipeline, task_id=load_to_snowflake, run_id=manual__2026-05-06T22:06:10.191813+00:00, execution_date=20260506T220610, start_date=20260506T220700, end_date=20260506T220736
[2026-05-06T22:07:36.301+0000] {local_task_job_runner.py:266} INFO - Task exited with return code 0
[2026-05-06T22:07:36.344+0000] {taskinstance.py:3895} INFO - 0 downstream tasks scheduled from follow-on schedule check
[2026-05-06T22:07:36.350+0000] {local_task_job_runner.py:245} INFO - ::endgroup::
