[2026-05-06T22:06:11.439+0000] {local_task_job_runner.py:123} INFO - ::group::Pre task execution logs
[2026-05-06T22:06:11.468+0000] {taskinstance.py:2613} INFO - Dependencies all met for dep_context=non-requeueable deps ti=<TaskInstance: banking_etl_pipeline.extract_to_hdfs manual__2026-05-06T22:06:10.191813+00:00 [queued]>
[2026-05-06T22:06:11.487+0000] {taskinstance.py:2613} INFO - Dependencies all met for dep_context=requeueable deps ti=<TaskInstance: banking_etl_pipeline.extract_to_hdfs manual__2026-05-06T22:06:10.191813+00:00 [queued]>
[2026-05-06T22:06:11.488+0000] {taskinstance.py:2866} INFO - Starting attempt 1 of 1
[2026-05-06T22:06:11.514+0000] {taskinstance.py:2889} INFO - Executing <Task(PythonOperator): extract_to_hdfs> on 2026-05-06 22:06:10.191813+00:00
[2026-05-06T22:06:11.527+0000] {standard_task_runner.py:104} INFO - Running: ['***', 'tasks', 'run', 'banking_etl_pipeline', 'extract_to_hdfs', 'manual__2026-05-06T22:06:10.191813+00:00', '--job-id', '35', '--raw', '--subdir', 'DAGS_FOLDER/banking_etl_dag.py', '--cfg-path', '/tmp/tmp6tlfxrym']
[2026-05-06T22:06:11.532+0000] {standard_task_runner.py:105} INFO - Job 35: Subtask extract_to_hdfs
[2026-05-06T22:06:11.532+0000] {logging_mixin.py:190} WARNING - /home/***/.local/lib/python3.12/site-packages/***/task/task_runner/standard_task_runner.py:70 DeprecationWarning: This process (pid=225) is multi-threaded, use of fork() may lead to deadlocks in the child.
[2026-05-06T22:06:11.533+0000] {standard_task_runner.py:72} INFO - Started process 226 to run task
[2026-05-06T22:06:11.604+0000] {task_command.py:467} INFO - Running <TaskInstance: banking_etl_pipeline.extract_to_hdfs manual__2026-05-06T22:06:10.191813+00:00 [running]> on host 7610047a6209
[2026-05-06T22:06:11.734+0000] {taskinstance.py:3132} INFO - Exporting env vars: AIRFLOW_CTX_DAG_OWNER='data_team' AIRFLOW_CTX_DAG_ID='banking_etl_pipeline' AIRFLOW_CTX_TASK_ID='extract_to_hdfs' AIRFLOW_CTX_EXECUTION_DATE='2026-05-06T22:06:10.191813+00:00' AIRFLOW_CTX_TRY_NUMBER='1' AIRFLOW_CTX_DAG_RUN_ID='manual__2026-05-06T22:06:10.191813+00:00'
[2026-05-06T22:06:11.735+0000] {taskinstance.py:731} INFO - ::endgroup::
[2026-05-06T22:06:11.831+0000] {banking_etl_dag.py:13} INFO - === EXTRACT ===
[2026-05-06T22:06:11.832+0000] {banking_etl_dag.py:18} INFO - Files: 0
[2026-05-06T22:06:11.833+0000] {banking_etl_dag.py:20} WARNING - No files in landing zone
[2026-05-06T22:06:11.833+0000] {python.py:240} INFO - Done. Returned value was: None
[2026-05-06T22:06:11.851+0000] {taskinstance.py:340} INFO - ::group::Post task execution logs
[2026-05-06T22:06:11.852+0000] {taskinstance.py:352} INFO - Marking task as SUCCESS. dag_id=banking_etl_pipeline, task_id=extract_to_hdfs, run_id=manual__2026-05-06T22:06:10.191813+00:00, execution_date=20260506T220610, start_date=20260506T220611, end_date=20260506T220611
[2026-05-06T22:06:11.895+0000] {local_task_job_runner.py:266} INFO - Task exited with return code 0
[2026-05-06T22:06:11.956+0000] {taskinstance.py:3895} INFO - 1 downstream tasks scheduled from follow-on schedule check
[2026-05-06T22:06:11.960+0000] {local_task_job_runner.py:245} INFO - ::endgroup::
