[2026-05-05T21:51:37.892+0000] {local_task_job_runner.py:123} INFO - ::group::Pre task execution logs
[2026-05-05T21:51:37.995+0000] {taskinstance.py:2613} INFO - Dependencies all met for dep_context=non-requeueable deps ti=<TaskInstance: banking_etl_pipeline.load_to_snowflake manual__2026-05-05T21:50:27+00:00 [queued]>
[2026-05-05T21:51:38.034+0000] {taskinstance.py:2613} INFO - Dependencies all met for dep_context=requeueable deps ti=<TaskInstance: banking_etl_pipeline.load_to_snowflake manual__2026-05-05T21:50:27+00:00 [queued]>
[2026-05-05T21:51:38.035+0000] {taskinstance.py:2866} INFO - Starting attempt 1 of 1
[2026-05-05T21:51:38.096+0000] {taskinstance.py:2889} INFO - Executing <Task(PythonOperator): load_to_snowflake> on 2026-05-05 21:50:27+00:00
[2026-05-05T21:51:38.106+0000] {standard_task_runner.py:104} INFO - Running: ['***', 'tasks', 'run', 'banking_etl_pipeline', 'load_to_snowflake', 'manual__2026-05-05T21:50:27+00:00', '--job-id', '18', '--raw', '--subdir', 'DAGS_FOLDER/banking_etl_dag.py', '--cfg-path', '/tmp/tmpjerhxwm6']
[2026-05-05T21:51:38.110+0000] {standard_task_runner.py:105} INFO - Job 18: Subtask load_to_snowflake
[2026-05-05T21:51:38.110+0000] {logging_mixin.py:190} WARNING - /home/***/.local/lib/python3.12/site-packages/***/task/task_runner/standard_task_runner.py:70 DeprecationWarning: This process (pid=5197) is multi-threaded, use of fork() may lead to deadlocks in the child.
[2026-05-05T21:51:38.111+0000] {standard_task_runner.py:72} INFO - Started process 5198 to run task
[2026-05-05T21:51:38.173+0000] {task_command.py:467} INFO - Running <TaskInstance: banking_etl_pipeline.load_to_snowflake manual__2026-05-05T21:50:27+00:00 [running]> on host 4b5a4ba9c483
[2026-05-05T21:51:38.416+0000] {taskinstance.py:3132} INFO - Exporting env vars: AIRFLOW_CTX_DAG_OWNER='data_team' AIRFLOW_CTX_DAG_ID='banking_etl_pipeline' AIRFLOW_CTX_TASK_ID='load_to_snowflake' AIRFLOW_CTX_EXECUTION_DATE='2026-05-05T21:50:27+00:00' AIRFLOW_CTX_TRY_NUMBER='1' AIRFLOW_CTX_DAG_RUN_ID='manual__2026-05-05T21:50:27+00:00'
[2026-05-05T21:51:38.421+0000] {taskinstance.py:731} INFO - ::endgroup::
[2026-05-05T21:51:38.550+0000] {banking_etl_dag.py:72} INFO - === LOAD ===
[2026-05-05T21:51:59.493+0000] {banking_etl_dag.py:83} INFO - ✓ Spark ready
✓ Snowflake connected

Loading dim_date...

[2026-05-05T21:51:59.493+0000] {banking_etl_dag.py:85} ERROR - WARNING: Using incubator modules: jdk.incubator.vector
Using Spark's default log4j profile: org/apache/spark/log4j2-defaults.properties
Setting default log level to "WARN".
To adjust logging level use sc.setLogLevel(newLevel). For SparkR, use setLogLevel(newLevel).
26/05/05 21:51:46 WARN NativeCodeLoader: Unable to load native-hadoop library for your platform... using builtin-java classes where applicable

[Stage 0:>                                                          (0 + 1) / 1]

                                                                                
Traceback (most recent call last):
  File "/opt/***/spark/load.py", line 55, in <module>
    load_to_snowflake("dim_date")
  File "/opt/***/spark/load.py", line 35, in load_to_snowflake
    df_pandas = df_spark.toPandas()
                ^^^^^^^^^^^^^^^^^^^
  File "/home/***/.local/lib/python3.12/site-packages/pyspark/sql/classic/dataframe.py", line 1816, in toPandas
    return PandasConversionMixin.toPandas(self)
           ^^^^^^^^^^^^^^^^^^^^^^^^^^^^^^^^^^^^
  File "/home/***/.local/lib/python3.12/site-packages/pyspark/sql/pandas/conversion.py", line 70, in toPandas
    require_minimum_pandas_version()
  File "/home/***/.local/lib/python3.12/site-packages/pyspark/sql/pandas/utils.py", line 51, in require_minimum_pandas_version
    raise PySparkImportError(
pyspark.errors.exceptions.base.PySparkImportError: [UNSUPPORTED_PACKAGE_VERSION] Pandas >= 2.2.0 must be installed; however, your version is 2.1.4.

[2026-05-05T21:51:59.496+0000] {taskinstance.py:3311} ERROR - Task failed with exception
Traceback (most recent call last):
  File "/home/airflow/.local/lib/python3.12/site-packages/airflow/models/taskinstance.py", line 767, in _execute_task
    result = _execute_callable(context=context, **execute_callable_kwargs)
             ^^^^^^^^^^^^^^^^^^^^^^^^^^^^^^^^^^^^^^^^^^^^^^^^^^^^^^^^^^^^^
  File "/home/airflow/.local/lib/python3.12/site-packages/airflow/models/taskinstance.py", line 733, in _execute_callable
    return ExecutionCallableRunner(
           ^^^^^^^^^^^^^^^^^^^^^^^^
  File "/home/airflow/.local/lib/python3.12/site-packages/airflow/utils/operator_helpers.py", line 252, in run
    return self.func(*args, **kwargs)
           ^^^^^^^^^^^^^^^^^^^^^^^^^^
  File "/home/airflow/.local/lib/python3.12/site-packages/airflow/models/baseoperator.py", line 422, in wrapper
    return func(self, *args, **kwargs)
           ^^^^^^^^^^^^^^^^^^^^^^^^^^^
  File "/home/airflow/.local/lib/python3.12/site-packages/airflow/operators/python.py", line 238, in execute
    return_value = self.execute_callable()
                   ^^^^^^^^^^^^^^^^^^^^^^^
  File "/home/airflow/.local/lib/python3.12/site-packages/airflow/operators/python.py", line 256, in execute_callable
    return runner.run(*self.op_args, **self.op_kwargs)
           ^^^^^^^^^^^^^^^^^^^^^^^^^^^^^^^^^^^^^^^^^^^
  File "/home/airflow/.local/lib/python3.12/site-packages/airflow/utils/operator_helpers.py", line 252, in run
    return self.func(*args, **kwargs)
           ^^^^^^^^^^^^^^^^^^^^^^^^^^
  File "/opt/airflow/dags/banking_etl_dag.py", line 86, in run_load
    raise RuntimeError(result.stderr)
RuntimeError: WARNING: Using incubator modules: jdk.incubator.vector
Using Spark's default log4j profile: org/apache/spark/log4j2-defaults.properties
Setting default log level to "WARN".
To adjust logging level use sc.setLogLevel(newLevel). For SparkR, use setLogLevel(newLevel).
26/05/05 21:51:46 WARN NativeCodeLoader: Unable to load native-hadoop library for your platform... using builtin-java classes where applicable

[Stage 0:>                                                          (0 + 1) / 1]

                                                                                
Traceback (most recent call last):
  File "/opt/***/spark/load.py", line 55, in <module>
    load_to_snowflake("dim_date")
  File "/opt/***/spark/load.py", line 35, in load_to_snowflake
    df_pandas = df_spark.toPandas()
                ^^^^^^^^^^^^^^^^^^^
  File "/home/***/.local/lib/python3.12/site-packages/pyspark/sql/classic/dataframe.py", line 1816, in toPandas
    return PandasConversionMixin.toPandas(self)
           ^^^^^^^^^^^^^^^^^^^^^^^^^^^^^^^^^^^^
  File "/home/***/.local/lib/python3.12/site-packages/pyspark/sql/pandas/conversion.py", line 70, in toPandas
    require_minimum_pandas_version()
  File "/home/***/.local/lib/python3.12/site-packages/pyspark/sql/pandas/utils.py", line 51, in require_minimum_pandas_version
    raise PySparkImportError(
pyspark.errors.exceptions.base.PySparkImportError: [UNSUPPORTED_PACKAGE_VERSION] Pandas >= 2.2.0 must be installed; however, your version is 2.1.4.

[2026-05-05T21:51:59.537+0000] {taskinstance.py:1225} INFO - Marking task as FAILED. dag_id=banking_etl_pipeline, task_id=load_to_snowflake, run_id=manual__2026-05-05T21:50:27+00:00, execution_date=20260505T215027, start_date=20260505T215137, end_date=20260505T215159
[2026-05-05T21:51:59.574+0000] {taskinstance.py:340} INFO - ::group::Post task execution logs
[2026-05-05T21:51:59.576+0000] {standard_task_runner.py:124} ERROR - Failed to execute job 18 for task load_to_snowflake (WARNING: Using incubator modules: jdk.incubator.vector
Using Spark's default log4j profile: org/apache/spark/log4j2-defaults.properties
Setting default log level to "WARN".
To adjust logging level use sc.setLogLevel(newLevel). For SparkR, use setLogLevel(newLevel).
26/05/05 21:51:46 WARN NativeCodeLoader: Unable to load native-hadoop library for your platform... using builtin-java classes where applicable

[Stage 0:>                                                          (0 + 1) / 1]

                                                                                
Traceback (most recent call last):
  File "/opt/***/spark/load.py", line 55, in <module>
    load_to_snowflake("dim_date")
  File "/opt/***/spark/load.py", line 35, in load_to_snowflake
    df_pandas = df_spark.toPandas()
                ^^^^^^^^^^^^^^^^^^^
  File "/home/***/.local/lib/python3.12/site-packages/pyspark/sql/classic/dataframe.py", line 1816, in toPandas
    return PandasConversionMixin.toPandas(self)
           ^^^^^^^^^^^^^^^^^^^^^^^^^^^^^^^^^^^^
  File "/home/***/.local/lib/python3.12/site-packages/pyspark/sql/pandas/conversion.py", line 70, in toPandas
    require_minimum_pandas_version()
  File "/home/***/.local/lib/python3.12/site-packages/pyspark/sql/pandas/utils.py", line 51, in require_minimum_pandas_version
    raise PySparkImportError(
pyspark.errors.exceptions.base.PySparkImportError: [UNSUPPORTED_PACKAGE_VERSION] Pandas >= 2.2.0 must be installed; however, your version is 2.1.4.
; 5198)
Traceback (most recent call last):
  File "/home/airflow/.local/lib/python3.12/site-packages/airflow/task/task_runner/standard_task_runner.py", line 117, in _start_by_fork
    ret = args.func(args, dag=self.dag)
          ^^^^^^^^^^^^^^^^^^^^^^^^^^^^^
  File "/home/airflow/.local/lib/python3.12/site-packages/airflow/cli/cli_config.py", line 49, in command
    return func(*args, **kwargs)
           ^^^^^^^^^^^^^^^^^^^^^
  File "/home/airflow/.local/lib/python3.12/site-packages/airflow/utils/cli.py", line 116, in wrapper
    return f(*args, **kwargs)
           ^^^^^^^^^^^^^^^^^^
  File "/home/airflow/.local/lib/python3.12/site-packages/airflow/cli/commands/task_command.py", line 483, in task_run
    task_return_code = _run_task_by_selected_method(args, _dag, ti)
                       ^^^^^^^^^^^^^^^^^^^^^^^^^^^^^^^^^^^^^^^^^^^^
  File "/home/airflow/.local/lib/python3.12/site-packages/airflow/cli/commands/task_command.py", line 256, in _run_task_by_selected_method
    return _run_raw_task(args, ti)
           ^^^^^^^^^^^^^^^^^^^^^^^
  File "/home/airflow/.local/lib/python3.12/site-packages/airflow/cli/commands/task_command.py", line 341, in _run_raw_task
    return ti._run_raw_task(
           ^^^^^^^^^^^^^^^^^
  File "/home/airflow/.local/lib/python3.12/site-packages/airflow/utils/session.py", line 97, in wrapper
    return func(*args, session=session, **kwargs)
           ^^^^^^^^^^^^^^^^^^^^^^^^^^^^^^^^^^^^^^
  File "/home/airflow/.local/lib/python3.12/site-packages/airflow/models/taskinstance.py", line 3005, in _run_raw_task
    return _run_raw_task(
           ^^^^^^^^^^^^^^
  File "/home/airflow/.local/lib/python3.12/site-packages/airflow/models/taskinstance.py", line 273, in _run_raw_task
    TaskInstance._execute_task_with_callbacks(
  File "/home/airflow/.local/lib/python3.12/site-packages/airflow/models/taskinstance.py", line 3159, in _execute_task_with_callbacks
    result = self._execute_task(context, task_orig)
             ^^^^^^^^^^^^^^^^^^^^^^^^^^^^^^^^^^^^^^
  File "/home/airflow/.local/lib/python3.12/site-packages/airflow/models/taskinstance.py", line 3183, in _execute_task
    return _execute_task(self, context, task_orig)
           ^^^^^^^^^^^^^^^^^^^^^^^^^^^^^^^^^^^^^^^
  File "/home/airflow/.local/lib/python3.12/site-packages/airflow/models/taskinstance.py", line 767, in _execute_task
    result = _execute_callable(context=context, **execute_callable_kwargs)
             ^^^^^^^^^^^^^^^^^^^^^^^^^^^^^^^^^^^^^^^^^^^^^^^^^^^^^^^^^^^^^
  File "/home/airflow/.local/lib/python3.12/site-packages/airflow/models/taskinstance.py", line 733, in _execute_callable
    return ExecutionCallableRunner(
           ^^^^^^^^^^^^^^^^^^^^^^^^
  File "/home/airflow/.local/lib/python3.12/site-packages/airflow/utils/operator_helpers.py", line 252, in run
    return self.func(*args, **kwargs)
           ^^^^^^^^^^^^^^^^^^^^^^^^^^
  File "/home/airflow/.local/lib/python3.12/site-packages/airflow/models/baseoperator.py", line 422, in wrapper
    return func(self, *args, **kwargs)
           ^^^^^^^^^^^^^^^^^^^^^^^^^^^
  File "/home/airflow/.local/lib/python3.12/site-packages/airflow/operators/python.py", line 238, in execute
    return_value = self.execute_callable()
                   ^^^^^^^^^^^^^^^^^^^^^^^
  File "/home/airflow/.local/lib/python3.12/site-packages/airflow/operators/python.py", line 256, in execute_callable
    return runner.run(*self.op_args, **self.op_kwargs)
           ^^^^^^^^^^^^^^^^^^^^^^^^^^^^^^^^^^^^^^^^^^^
  File "/home/airflow/.local/lib/python3.12/site-packages/airflow/utils/operator_helpers.py", line 252, in run
    return self.func(*args, **kwargs)
           ^^^^^^^^^^^^^^^^^^^^^^^^^^
  File "/opt/airflow/dags/banking_etl_dag.py", line 86, in run_load
    raise RuntimeError(result.stderr)
RuntimeError: WARNING: Using incubator modules: jdk.incubator.vector
Using Spark's default log4j profile: org/apache/spark/log4j2-defaults.properties
Setting default log level to "WARN".
To adjust logging level use sc.setLogLevel(newLevel). For SparkR, use setLogLevel(newLevel).
26/05/05 21:51:46 WARN NativeCodeLoader: Unable to load native-hadoop library for your platform... using builtin-java classes where applicable

[Stage 0:>                                                          (0 + 1) / 1]

                                                                                
Traceback (most recent call last):
  File "/opt/***/spark/load.py", line 55, in <module>
    load_to_snowflake("dim_date")
  File "/opt/***/spark/load.py", line 35, in load_to_snowflake
    df_pandas = df_spark.toPandas()
                ^^^^^^^^^^^^^^^^^^^
  File "/home/***/.local/lib/python3.12/site-packages/pyspark/sql/classic/dataframe.py", line 1816, in toPandas
    return PandasConversionMixin.toPandas(self)
           ^^^^^^^^^^^^^^^^^^^^^^^^^^^^^^^^^^^^
  File "/home/***/.local/lib/python3.12/site-packages/pyspark/sql/pandas/conversion.py", line 70, in toPandas
    require_minimum_pandas_version()
  File "/home/***/.local/lib/python3.12/site-packages/pyspark/sql/pandas/utils.py", line 51, in require_minimum_pandas_version
    raise PySparkImportError(
pyspark.errors.exceptions.base.PySparkImportError: [UNSUPPORTED_PACKAGE_VERSION] Pandas >= 2.2.0 must be installed; however, your version is 2.1.4.

[2026-05-05T21:51:59.636+0000] {local_task_job_runner.py:266} INFO - Task exited with return code 1
[2026-05-05T21:51:59.672+0000] {taskinstance.py:3895} INFO - 0 downstream tasks scheduled from follow-on schedule check
[2026-05-05T21:51:59.676+0000] {local_task_job_runner.py:245} INFO - ::endgroup::
