[2026-05-05T21:33:44.259+0000] {processor.py:186} INFO - Started process (PID=183) to work on /opt/airflow/dags/banking_etl_dag.py
[2026-05-05T21:33:44.263+0000] {processor.py:914} INFO - Processing file /opt/airflow/dags/banking_etl_dag.py for tasks to queue
[2026-05-05T21:33:44.266+0000] {logging_mixin.py:190} INFO - [2026-05-05T21:33:44.266+0000] {dagbag.py:588} INFO - Filling up the DagBag from /opt/airflow/dags/banking_etl_dag.py
[2026-05-05T21:33:44.285+0000] {processor.py:925} INFO - DAG(s) 'banking_etl_pipeline' retrieved from /opt/airflow/dags/banking_etl_dag.py
[2026-05-05T21:33:44.324+0000] {logging_mixin.py:190} INFO - [2026-05-05T21:33:44.324+0000] {dag.py:3239} INFO - Sync 1 DAGs
[2026-05-05T21:33:44.366+0000] {logging_mixin.py:190} INFO - [2026-05-05T21:33:44.366+0000] {dag.py:4180} INFO - Setting next_dagrun for banking_etl_pipeline to 2026-05-05 00:00:00+00:00, run_after=2026-05-06 00:00:00+00:00
[2026-05-05T21:33:44.390+0000] {processor.py:208} INFO - Processing /opt/airflow/dags/banking_etl_dag.py took 0.140 seconds
[2026-05-05T21:34:14.589+0000] {processor.py:186} INFO - Started process (PID=208) to work on /opt/airflow/dags/banking_etl_dag.py
[2026-05-05T21:34:14.591+0000] {processor.py:914} INFO - Processing file /opt/airflow/dags/banking_etl_dag.py for tasks to queue
[2026-05-05T21:34:14.595+0000] {logging_mixin.py:190} INFO - [2026-05-05T21:34:14.594+0000] {dagbag.py:588} INFO - Filling up the DagBag from /opt/airflow/dags/banking_etl_dag.py
[2026-05-05T21:34:14.623+0000] {processor.py:925} INFO - DAG(s) 'banking_etl_pipeline' retrieved from /opt/airflow/dags/banking_etl_dag.py
[2026-05-05T21:34:14.672+0000] {logging_mixin.py:190} INFO - [2026-05-05T21:34:14.672+0000] {dag.py:3239} INFO - Sync 1 DAGs
[2026-05-05T21:34:14.716+0000] {logging_mixin.py:190} INFO - [2026-05-05T21:34:14.716+0000] {dag.py:4180} INFO - Setting next_dagrun for banking_etl_pipeline to 2026-05-05 00:00:00+00:00, run_after=2026-05-06 00:00:00+00:00
[2026-05-05T21:34:14.744+0000] {processor.py:208} INFO - Processing /opt/airflow/dags/banking_etl_dag.py took 0.169 seconds
[2026-05-05T21:34:44.984+0000] {processor.py:186} INFO - Started process (PID=240) to work on /opt/airflow/dags/banking_etl_dag.py
[2026-05-05T21:34:44.986+0000] {processor.py:914} INFO - Processing file /opt/airflow/dags/banking_etl_dag.py for tasks to queue
[2026-05-05T21:34:44.991+0000] {logging_mixin.py:190} INFO - [2026-05-05T21:34:44.990+0000] {dagbag.py:588} INFO - Filling up the DagBag from /opt/airflow/dags/banking_etl_dag.py
[2026-05-05T21:34:45.018+0000] {processor.py:925} INFO - DAG(s) 'banking_etl_pipeline' retrieved from /opt/airflow/dags/banking_etl_dag.py
[2026-05-05T21:34:45.034+0000] {logging_mixin.py:190} INFO - [2026-05-05T21:34:45.034+0000] {dag.py:3239} INFO - Sync 1 DAGs
[2026-05-05T21:34:45.075+0000] {logging_mixin.py:190} INFO - [2026-05-05T21:34:45.074+0000] {dag.py:4180} INFO - Setting next_dagrun for banking_etl_pipeline to 2026-05-05 00:00:00+00:00, run_after=2026-05-06 00:00:00+00:00
[2026-05-05T21:34:45.102+0000] {processor.py:208} INFO - Processing /opt/airflow/dags/banking_etl_dag.py took 0.131 seconds
[2026-05-05T21:35:15.304+0000] {processor.py:186} INFO - Started process (PID=264) to work on /opt/airflow/dags/banking_etl_dag.py
[2026-05-05T21:35:15.306+0000] {processor.py:914} INFO - Processing file /opt/airflow/dags/banking_etl_dag.py for tasks to queue
[2026-05-05T21:35:15.309+0000] {logging_mixin.py:190} INFO - [2026-05-05T21:35:15.309+0000] {dagbag.py:588} INFO - Filling up the DagBag from /opt/airflow/dags/banking_etl_dag.py
[2026-05-05T21:35:15.333+0000] {processor.py:925} INFO - DAG(s) 'banking_etl_pipeline' retrieved from /opt/airflow/dags/banking_etl_dag.py
[2026-05-05T21:35:15.523+0000] {logging_mixin.py:190} INFO - [2026-05-05T21:35:15.523+0000] {dag.py:3239} INFO - Sync 1 DAGs
[2026-05-05T21:35:15.550+0000] {logging_mixin.py:190} INFO - [2026-05-05T21:35:15.550+0000] {dag.py:4180} INFO - Setting next_dagrun for banking_etl_pipeline to 2026-05-05 00:00:00+00:00, run_after=2026-05-06 00:00:00+00:00
[2026-05-05T21:35:15.577+0000] {processor.py:208} INFO - Processing /opt/airflow/dags/banking_etl_dag.py took 0.285 seconds
[2026-05-05T21:35:45.778+0000] {processor.py:186} INFO - Started process (PID=275) to work on /opt/airflow/dags/banking_etl_dag.py
[2026-05-05T21:35:45.780+0000] {processor.py:914} INFO - Processing file /opt/airflow/dags/banking_etl_dag.py for tasks to queue
[2026-05-05T21:35:45.785+0000] {logging_mixin.py:190} INFO - [2026-05-05T21:35:45.784+0000] {dagbag.py:588} INFO - Filling up the DagBag from /opt/airflow/dags/banking_etl_dag.py
[2026-05-05T21:35:45.813+0000] {processor.py:925} INFO - DAG(s) 'banking_etl_pipeline' retrieved from /opt/airflow/dags/banking_etl_dag.py
[2026-05-05T21:35:45.863+0000] {logging_mixin.py:190} INFO - [2026-05-05T21:35:45.863+0000] {dag.py:3239} INFO - Sync 1 DAGs
[2026-05-05T21:35:45.905+0000] {logging_mixin.py:190} INFO - [2026-05-05T21:35:45.904+0000] {dag.py:4180} INFO - Setting next_dagrun for banking_etl_pipeline to 2026-05-05 00:00:00+00:00, run_after=2026-05-06 00:00:00+00:00
[2026-05-05T21:35:45.941+0000] {processor.py:208} INFO - Processing /opt/airflow/dags/banking_etl_dag.py took 0.177 seconds
[2026-05-05T21:36:16.266+0000] {processor.py:186} INFO - Started process (PID=286) to work on /opt/airflow/dags/banking_etl_dag.py
[2026-05-05T21:36:16.267+0000] {processor.py:914} INFO - Processing file /opt/airflow/dags/banking_etl_dag.py for tasks to queue
[2026-05-05T21:36:16.271+0000] {logging_mixin.py:190} INFO - [2026-05-05T21:36:16.270+0000] {dagbag.py:588} INFO - Filling up the DagBag from /opt/airflow/dags/banking_etl_dag.py
[2026-05-05T21:36:16.289+0000] {processor.py:925} INFO - DAG(s) 'banking_etl_pipeline' retrieved from /opt/airflow/dags/banking_etl_dag.py
[2026-05-05T21:36:16.329+0000] {logging_mixin.py:190} INFO - [2026-05-05T21:36:16.329+0000] {dag.py:3239} INFO - Sync 1 DAGs
[2026-05-05T21:36:16.361+0000] {logging_mixin.py:190} INFO - [2026-05-05T21:36:16.360+0000] {dag.py:4180} INFO - Setting next_dagrun for banking_etl_pipeline to 2026-05-05 00:00:00+00:00, run_after=2026-05-06 00:00:00+00:00
[2026-05-05T21:36:16.384+0000] {processor.py:208} INFO - Processing /opt/airflow/dags/banking_etl_dag.py took 0.126 seconds
[2026-05-05T21:36:46.659+0000] {processor.py:186} INFO - Started process (PID=297) to work on /opt/airflow/dags/banking_etl_dag.py
[2026-05-05T21:36:46.660+0000] {processor.py:914} INFO - Processing file /opt/airflow/dags/banking_etl_dag.py for tasks to queue
[2026-05-05T21:36:46.667+0000] {logging_mixin.py:190} INFO - [2026-05-05T21:36:46.666+0000] {dagbag.py:588} INFO - Filling up the DagBag from /opt/airflow/dags/banking_etl_dag.py
[2026-05-05T21:36:46.691+0000] {processor.py:925} INFO - DAG(s) 'banking_etl_pipeline' retrieved from /opt/airflow/dags/banking_etl_dag.py
[2026-05-05T21:36:46.735+0000] {logging_mixin.py:190} INFO - [2026-05-05T21:36:46.735+0000] {dag.py:3239} INFO - Sync 1 DAGs
[2026-05-05T21:36:46.774+0000] {logging_mixin.py:190} INFO - [2026-05-05T21:36:46.774+0000] {dag.py:4180} INFO - Setting next_dagrun for banking_etl_pipeline to 2026-05-05 00:00:00+00:00, run_after=2026-05-06 00:00:00+00:00
[2026-05-05T21:36:46.816+0000] {processor.py:208} INFO - Processing /opt/airflow/dags/banking_etl_dag.py took 0.169 seconds
[2026-05-05T21:36:47.727+0000] {processor.py:186} INFO - Started process (PID=302) to work on /opt/airflow/dags/banking_etl_dag.py
[2026-05-05T21:36:47.728+0000] {processor.py:914} INFO - Processing file /opt/airflow/dags/banking_etl_dag.py for tasks to queue
[2026-05-05T21:36:47.730+0000] {logging_mixin.py:190} INFO - [2026-05-05T21:36:47.730+0000] {dagbag.py:588} INFO - Filling up the DagBag from /opt/airflow/dags/banking_etl_dag.py
[2026-05-05T21:36:47.744+0000] {processor.py:925} INFO - DAG(s) 'banking_etl_pipeline' retrieved from /opt/airflow/dags/banking_etl_dag.py
[2026-05-05T21:36:47.898+0000] {logging_mixin.py:190} INFO - [2026-05-05T21:36:47.898+0000] {dag.py:3239} INFO - Sync 1 DAGs
[2026-05-05T21:36:47.922+0000] {logging_mixin.py:190} INFO - [2026-05-05T21:36:47.922+0000] {dag.py:4180} INFO - Setting next_dagrun for banking_etl_pipeline to 2026-05-05 00:00:00+00:00, run_after=2026-05-06 00:00:00+00:00
[2026-05-05T21:36:47.948+0000] {processor.py:208} INFO - Processing /opt/airflow/dags/banking_etl_dag.py took 0.229 seconds
[2026-05-05T21:36:50.928+0000] {processor.py:186} INFO - Started process (PID=313) to work on /opt/airflow/dags/banking_etl_dag.py
[2026-05-05T21:36:50.929+0000] {processor.py:914} INFO - Processing file /opt/airflow/dags/banking_etl_dag.py for tasks to queue
[2026-05-05T21:36:50.932+0000] {logging_mixin.py:190} INFO - [2026-05-05T21:36:50.932+0000] {dagbag.py:588} INFO - Filling up the DagBag from /opt/airflow/dags/banking_etl_dag.py
[2026-05-05T21:36:50.948+0000] {processor.py:925} INFO - DAG(s) 'banking_etl_pipeline' retrieved from /opt/airflow/dags/banking_etl_dag.py
[2026-05-05T21:36:50.966+0000] {logging_mixin.py:190} INFO - [2026-05-05T21:36:50.965+0000] {dag.py:3239} INFO - Sync 1 DAGs
[2026-05-05T21:36:51.008+0000] {logging_mixin.py:190} INFO - [2026-05-05T21:36:51.007+0000] {dag.py:4180} INFO - Setting next_dagrun for banking_etl_pipeline to 2026-05-05 00:00:00+00:00, run_after=2026-05-06 00:00:00+00:00
[2026-05-05T21:36:51.050+0000] {processor.py:208} INFO - Processing /opt/airflow/dags/banking_etl_dag.py took 0.135 seconds
[2026-05-05T21:37:21.300+0000] {processor.py:186} INFO - Started process (PID=357) to work on /opt/airflow/dags/banking_etl_dag.py
[2026-05-05T21:37:21.302+0000] {processor.py:914} INFO - Processing file /opt/airflow/dags/banking_etl_dag.py for tasks to queue
[2026-05-05T21:37:21.305+0000] {logging_mixin.py:190} INFO - [2026-05-05T21:37:21.305+0000] {dagbag.py:588} INFO - Filling up the DagBag from /opt/airflow/dags/banking_etl_dag.py
[2026-05-05T21:37:21.321+0000] {processor.py:925} INFO - DAG(s) 'banking_etl_pipeline' retrieved from /opt/airflow/dags/banking_etl_dag.py
[2026-05-05T21:37:21.340+0000] {logging_mixin.py:190} INFO - [2026-05-05T21:37:21.339+0000] {dag.py:3239} INFO - Sync 1 DAGs
[2026-05-05T21:37:21.380+0000] {logging_mixin.py:190} INFO - [2026-05-05T21:37:21.379+0000] {dag.py:4180} INFO - Setting next_dagrun for banking_etl_pipeline to 2026-05-05 00:00:00+00:00, run_after=2026-05-06 00:00:00+00:00
[2026-05-05T21:37:21.406+0000] {processor.py:208} INFO - Processing /opt/airflow/dags/banking_etl_dag.py took 0.115 seconds
[2026-05-05T21:37:51.666+0000] {processor.py:186} INFO - Started process (PID=368) to work on /opt/airflow/dags/banking_etl_dag.py
[2026-05-05T21:37:51.668+0000] {processor.py:914} INFO - Processing file /opt/airflow/dags/banking_etl_dag.py for tasks to queue
[2026-05-05T21:37:51.672+0000] {logging_mixin.py:190} INFO - [2026-05-05T21:37:51.671+0000] {dagbag.py:588} INFO - Filling up the DagBag from /opt/airflow/dags/banking_etl_dag.py
[2026-05-05T21:37:51.688+0000] {processor.py:925} INFO - DAG(s) 'banking_etl_pipeline' retrieved from /opt/airflow/dags/banking_etl_dag.py
[2026-05-05T21:37:51.861+0000] {logging_mixin.py:190} INFO - [2026-05-05T21:37:51.861+0000] {dag.py:3239} INFO - Sync 1 DAGs
[2026-05-05T21:37:52.211+0000] {logging_mixin.py:190} INFO - [2026-05-05T21:37:52.210+0000] {dag.py:4180} INFO - Setting next_dagrun for banking_etl_pipeline to 2026-05-05 00:00:00+00:00, run_after=2026-05-06 00:00:00+00:00
[2026-05-05T21:37:52.238+0000] {processor.py:208} INFO - Processing /opt/airflow/dags/banking_etl_dag.py took 0.585 seconds
[2026-05-05T21:38:22.591+0000] {processor.py:186} INFO - Started process (PID=379) to work on /opt/airflow/dags/banking_etl_dag.py
[2026-05-05T21:38:22.594+0000] {processor.py:914} INFO - Processing file /opt/airflow/dags/banking_etl_dag.py for tasks to queue
[2026-05-05T21:38:22.598+0000] {logging_mixin.py:190} INFO - [2026-05-05T21:38:22.598+0000] {dagbag.py:588} INFO - Filling up the DagBag from /opt/airflow/dags/banking_etl_dag.py
[2026-05-05T21:38:22.631+0000] {processor.py:925} INFO - DAG(s) 'banking_etl_pipeline' retrieved from /opt/airflow/dags/banking_etl_dag.py
[2026-05-05T21:38:22.697+0000] {logging_mixin.py:190} INFO - [2026-05-05T21:38:22.697+0000] {dag.py:3239} INFO - Sync 1 DAGs
[2026-05-05T21:38:22.755+0000] {logging_mixin.py:190} INFO - [2026-05-05T21:38:22.755+0000] {dag.py:4180} INFO - Setting next_dagrun for banking_etl_pipeline to 2026-05-05 00:00:00+00:00, run_after=2026-05-06 00:00:00+00:00
[2026-05-05T21:38:22.780+0000] {processor.py:208} INFO - Processing /opt/airflow/dags/banking_etl_dag.py took 0.202 seconds
[2026-05-05T21:38:52.934+0000] {processor.py:186} INFO - Started process (PID=404) to work on /opt/airflow/dags/banking_etl_dag.py
[2026-05-05T21:38:52.936+0000] {processor.py:914} INFO - Processing file /opt/airflow/dags/banking_etl_dag.py for tasks to queue
[2026-05-05T21:38:52.940+0000] {logging_mixin.py:190} INFO - [2026-05-05T21:38:52.939+0000] {dagbag.py:588} INFO - Filling up the DagBag from /opt/airflow/dags/banking_etl_dag.py
[2026-05-05T21:38:52.962+0000] {processor.py:925} INFO - DAG(s) 'banking_etl_pipeline' retrieved from /opt/airflow/dags/banking_etl_dag.py
[2026-05-05T21:38:53.005+0000] {logging_mixin.py:190} INFO - [2026-05-05T21:38:53.004+0000] {dag.py:3239} INFO - Sync 1 DAGs
[2026-05-05T21:38:53.065+0000] {logging_mixin.py:190} INFO - [2026-05-05T21:38:53.065+0000] {dag.py:4180} INFO - Setting next_dagrun for banking_etl_pipeline to 2026-05-05 00:00:00+00:00, run_after=2026-05-06 00:00:00+00:00
[2026-05-05T21:38:53.115+0000] {processor.py:208} INFO - Processing /opt/airflow/dags/banking_etl_dag.py took 0.192 seconds
[2026-05-05T21:39:23.462+0000] {processor.py:186} INFO - Started process (PID=415) to work on /opt/airflow/dags/banking_etl_dag.py
[2026-05-05T21:39:23.465+0000] {processor.py:914} INFO - Processing file /opt/airflow/dags/banking_etl_dag.py for tasks to queue
[2026-05-05T21:39:23.469+0000] {logging_mixin.py:190} INFO - [2026-05-05T21:39:23.469+0000] {dagbag.py:588} INFO - Filling up the DagBag from /opt/airflow/dags/banking_etl_dag.py
[2026-05-05T21:39:23.486+0000] {processor.py:925} INFO - DAG(s) 'banking_etl_pipeline' retrieved from /opt/airflow/dags/banking_etl_dag.py
[2026-05-05T21:39:23.528+0000] {logging_mixin.py:190} INFO - [2026-05-05T21:39:23.527+0000] {dag.py:3239} INFO - Sync 1 DAGs
[2026-05-05T21:39:23.564+0000] {logging_mixin.py:190} INFO - [2026-05-05T21:39:23.564+0000] {dag.py:4180} INFO - Setting next_dagrun for banking_etl_pipeline to 2026-05-05 00:00:00+00:00, run_after=2026-05-06 00:00:00+00:00
[2026-05-05T21:39:23.591+0000] {processor.py:208} INFO - Processing /opt/airflow/dags/banking_etl_dag.py took 0.138 seconds
[2026-05-05T21:39:53.825+0000] {processor.py:186} INFO - Started process (PID=426) to work on /opt/airflow/dags/banking_etl_dag.py
[2026-05-05T21:39:53.827+0000] {processor.py:914} INFO - Processing file /opt/airflow/dags/banking_etl_dag.py for tasks to queue
[2026-05-05T21:39:53.831+0000] {logging_mixin.py:190} INFO - [2026-05-05T21:39:53.831+0000] {dagbag.py:588} INFO - Filling up the DagBag from /opt/airflow/dags/banking_etl_dag.py
[2026-05-05T21:39:53.858+0000] {processor.py:925} INFO - DAG(s) 'banking_etl_pipeline' retrieved from /opt/airflow/dags/banking_etl_dag.py
[2026-05-05T21:39:53.902+0000] {logging_mixin.py:190} INFO - [2026-05-05T21:39:53.902+0000] {dag.py:3239} INFO - Sync 1 DAGs
[2026-05-05T21:39:53.941+0000] {logging_mixin.py:190} INFO - [2026-05-05T21:39:53.941+0000] {dag.py:4180} INFO - Setting next_dagrun for banking_etl_pipeline to 2026-05-05 00:00:00+00:00, run_after=2026-05-06 00:00:00+00:00
[2026-05-05T21:39:53.970+0000] {processor.py:208} INFO - Processing /opt/airflow/dags/banking_etl_dag.py took 0.158 seconds
[2026-05-05T21:39:56.935+0000] {processor.py:186} INFO - Started process (PID=431) to work on /opt/airflow/dags/banking_etl_dag.py
[2026-05-05T21:39:56.937+0000] {processor.py:914} INFO - Processing file /opt/airflow/dags/banking_etl_dag.py for tasks to queue
[2026-05-05T21:39:56.940+0000] {logging_mixin.py:190} INFO - [2026-05-05T21:39:56.939+0000] {dagbag.py:588} INFO - Filling up the DagBag from /opt/airflow/dags/banking_etl_dag.py
[2026-05-05T21:39:56.957+0000] {processor.py:925} INFO - DAG(s) 'banking_etl_pipeline' retrieved from /opt/airflow/dags/banking_etl_dag.py
[2026-05-05T21:39:56.994+0000] {logging_mixin.py:190} INFO - [2026-05-05T21:39:56.993+0000] {dag.py:3239} INFO - Sync 1 DAGs
[2026-05-05T21:39:57.025+0000] {logging_mixin.py:190} INFO - [2026-05-05T21:39:57.024+0000] {dag.py:4180} INFO - Setting next_dagrun for banking_etl_pipeline to 2026-05-05 00:00:00+00:00, run_after=2026-05-06 00:00:00+00:00
[2026-05-05T21:39:57.051+0000] {processor.py:208} INFO - Processing /opt/airflow/dags/banking_etl_dag.py took 0.125 seconds
[2026-05-05T21:40:27.407+0000] {processor.py:186} INFO - Started process (PID=452) to work on /opt/airflow/dags/banking_etl_dag.py
[2026-05-05T21:40:27.411+0000] {processor.py:914} INFO - Processing file /opt/airflow/dags/banking_etl_dag.py for tasks to queue
[2026-05-05T21:40:27.420+0000] {logging_mixin.py:190} INFO - [2026-05-05T21:40:27.418+0000] {dagbag.py:588} INFO - Filling up the DagBag from /opt/airflow/dags/banking_etl_dag.py
[2026-05-05T21:40:27.596+0000] {processor.py:925} INFO - DAG(s) 'banking_etl_pipeline' retrieved from /opt/airflow/dags/banking_etl_dag.py
[2026-05-05T21:40:27.697+0000] {logging_mixin.py:190} INFO - [2026-05-05T21:40:27.697+0000] {dag.py:3239} INFO - Sync 1 DAGs
[2026-05-05T21:40:27.853+0000] {logging_mixin.py:190} INFO - [2026-05-05T21:40:27.852+0000] {dag.py:4180} INFO - Setting next_dagrun for banking_etl_pipeline to 2026-05-05 00:00:00+00:00, run_after=2026-05-06 00:00:00+00:00
[2026-05-05T21:40:27.957+0000] {processor.py:208} INFO - Processing /opt/airflow/dags/banking_etl_dag.py took 0.560 seconds
[2026-05-05T21:40:58.320+0000] {processor.py:186} INFO - Started process (PID=493) to work on /opt/airflow/dags/banking_etl_dag.py
[2026-05-05T21:40:58.322+0000] {processor.py:914} INFO - Processing file /opt/airflow/dags/banking_etl_dag.py for tasks to queue
[2026-05-05T21:40:58.327+0000] {logging_mixin.py:190} INFO - [2026-05-05T21:40:58.327+0000] {dagbag.py:588} INFO - Filling up the DagBag from /opt/airflow/dags/banking_etl_dag.py
[2026-05-05T21:40:58.359+0000] {processor.py:925} INFO - DAG(s) 'banking_etl_pipeline' retrieved from /opt/airflow/dags/banking_etl_dag.py
[2026-05-05T21:40:58.727+0000] {logging_mixin.py:190} INFO - [2026-05-05T21:40:58.727+0000] {dag.py:3239} INFO - Sync 1 DAGs
[2026-05-05T21:40:58.754+0000] {logging_mixin.py:190} INFO - [2026-05-05T21:40:58.754+0000] {dag.py:4180} INFO - Setting next_dagrun for banking_etl_pipeline to 2026-05-05 00:00:00+00:00, run_after=2026-05-06 00:00:00+00:00
[2026-05-05T21:40:58.777+0000] {processor.py:208} INFO - Processing /opt/airflow/dags/banking_etl_dag.py took 0.471 seconds
[2026-05-05T21:41:29.069+0000] {processor.py:186} INFO - Started process (PID=504) to work on /opt/airflow/dags/banking_etl_dag.py
[2026-05-05T21:41:29.071+0000] {processor.py:914} INFO - Processing file /opt/airflow/dags/banking_etl_dag.py for tasks to queue
[2026-05-05T21:41:29.075+0000] {logging_mixin.py:190} INFO - [2026-05-05T21:41:29.075+0000] {dagbag.py:588} INFO - Filling up the DagBag from /opt/airflow/dags/banking_etl_dag.py
[2026-05-05T21:41:29.096+0000] {processor.py:925} INFO - DAG(s) 'banking_etl_pipeline' retrieved from /opt/airflow/dags/banking_etl_dag.py
[2026-05-05T21:41:29.140+0000] {logging_mixin.py:190} INFO - [2026-05-05T21:41:29.139+0000] {dag.py:3239} INFO - Sync 1 DAGs
[2026-05-05T21:41:29.181+0000] {logging_mixin.py:190} INFO - [2026-05-05T21:41:29.181+0000] {dag.py:4180} INFO - Setting next_dagrun for banking_etl_pipeline to 2026-05-05 00:00:00+00:00, run_after=2026-05-06 00:00:00+00:00
[2026-05-05T21:41:29.205+0000] {processor.py:208} INFO - Processing /opt/airflow/dags/banking_etl_dag.py took 0.148 seconds
[2026-05-05T21:41:59.505+0000] {processor.py:186} INFO - Started process (PID=515) to work on /opt/airflow/dags/banking_etl_dag.py
[2026-05-05T21:41:59.509+0000] {processor.py:914} INFO - Processing file /opt/airflow/dags/banking_etl_dag.py for tasks to queue
[2026-05-05T21:41:59.514+0000] {logging_mixin.py:190} INFO - [2026-05-05T21:41:59.513+0000] {dagbag.py:588} INFO - Filling up the DagBag from /opt/airflow/dags/banking_etl_dag.py
[2026-05-05T21:41:59.532+0000] {processor.py:925} INFO - DAG(s) 'banking_etl_pipeline' retrieved from /opt/airflow/dags/banking_etl_dag.py
[2026-05-05T21:41:59.568+0000] {logging_mixin.py:190} INFO - [2026-05-05T21:41:59.568+0000] {dag.py:3239} INFO - Sync 1 DAGs
[2026-05-05T21:41:59.599+0000] {logging_mixin.py:190} INFO - [2026-05-05T21:41:59.599+0000] {dag.py:4180} INFO - Setting next_dagrun for banking_etl_pipeline to 2026-05-05 00:00:00+00:00, run_after=2026-05-06 00:00:00+00:00
[2026-05-05T21:41:59.634+0000] {processor.py:208} INFO - Processing /opt/airflow/dags/banking_etl_dag.py took 0.147 seconds
[2026-05-05T21:42:29.951+0000] {processor.py:186} INFO - Started process (PID=526) to work on /opt/airflow/dags/banking_etl_dag.py
[2026-05-05T21:42:29.953+0000] {processor.py:914} INFO - Processing file /opt/airflow/dags/banking_etl_dag.py for tasks to queue
[2026-05-05T21:42:29.957+0000] {logging_mixin.py:190} INFO - [2026-05-05T21:42:29.957+0000] {dagbag.py:588} INFO - Filling up the DagBag from /opt/airflow/dags/banking_etl_dag.py
[2026-05-05T21:42:29.975+0000] {processor.py:925} INFO - DAG(s) 'banking_etl_pipeline' retrieved from /opt/airflow/dags/banking_etl_dag.py
[2026-05-05T21:42:30.013+0000] {logging_mixin.py:190} INFO - [2026-05-05T21:42:30.013+0000] {dag.py:3239} INFO - Sync 1 DAGs
[2026-05-05T21:42:30.090+0000] {logging_mixin.py:190} INFO - [2026-05-05T21:42:30.089+0000] {dag.py:4180} INFO - Setting next_dagrun for banking_etl_pipeline to 2026-05-05 00:00:00+00:00, run_after=2026-05-06 00:00:00+00:00
[2026-05-05T21:42:30.125+0000] {processor.py:208} INFO - Processing /opt/airflow/dags/banking_etl_dag.py took 0.188 seconds
[2026-05-05T21:43:00.338+0000] {processor.py:186} INFO - Started process (PID=545) to work on /opt/airflow/dags/banking_etl_dag.py
[2026-05-05T21:43:00.343+0000] {processor.py:914} INFO - Processing file /opt/airflow/dags/banking_etl_dag.py for tasks to queue
[2026-05-05T21:43:00.346+0000] {logging_mixin.py:190} INFO - [2026-05-05T21:43:00.346+0000] {dagbag.py:588} INFO - Filling up the DagBag from /opt/airflow/dags/banking_etl_dag.py
[2026-05-05T21:43:00.366+0000] {processor.py:925} INFO - DAG(s) 'banking_etl_pipeline' retrieved from /opt/airflow/dags/banking_etl_dag.py
[2026-05-05T21:43:00.406+0000] {logging_mixin.py:190} INFO - [2026-05-05T21:43:00.406+0000] {dag.py:3239} INFO - Sync 1 DAGs
[2026-05-05T21:43:00.444+0000] {logging_mixin.py:190} INFO - [2026-05-05T21:43:00.444+0000] {dag.py:4180} INFO - Setting next_dagrun for banking_etl_pipeline to 2026-05-05 00:00:00+00:00, run_after=2026-05-06 00:00:00+00:00
[2026-05-05T21:43:00.475+0000] {processor.py:208} INFO - Processing /opt/airflow/dags/banking_etl_dag.py took 0.144 seconds
[2026-05-05T21:43:30.826+0000] {processor.py:186} INFO - Started process (PID=577) to work on /opt/airflow/dags/banking_etl_dag.py
[2026-05-05T21:43:30.828+0000] {processor.py:914} INFO - Processing file /opt/airflow/dags/banking_etl_dag.py for tasks to queue
[2026-05-05T21:43:30.831+0000] {logging_mixin.py:190} INFO - [2026-05-05T21:43:30.830+0000] {dagbag.py:588} INFO - Filling up the DagBag from /opt/airflow/dags/banking_etl_dag.py
[2026-05-05T21:43:30.848+0000] {processor.py:925} INFO - DAG(s) 'banking_etl_pipeline' retrieved from /opt/airflow/dags/banking_etl_dag.py
[2026-05-05T21:43:30.880+0000] {logging_mixin.py:190} INFO - [2026-05-05T21:43:30.880+0000] {dag.py:3239} INFO - Sync 1 DAGs
[2026-05-05T21:43:30.914+0000] {logging_mixin.py:190} INFO - [2026-05-05T21:43:30.914+0000] {dag.py:4180} INFO - Setting next_dagrun for banking_etl_pipeline to 2026-05-05 00:00:00+00:00, run_after=2026-05-06 00:00:00+00:00
[2026-05-05T21:43:30.937+0000] {processor.py:208} INFO - Processing /opt/airflow/dags/banking_etl_dag.py took 0.118 seconds
[2026-05-05T21:44:01.247+0000] {processor.py:186} INFO - Started process (PID=597) to work on /opt/airflow/dags/banking_etl_dag.py
[2026-05-05T21:44:01.252+0000] {processor.py:914} INFO - Processing file /opt/airflow/dags/banking_etl_dag.py for tasks to queue
[2026-05-05T21:44:01.255+0000] {logging_mixin.py:190} INFO - [2026-05-05T21:44:01.255+0000] {dagbag.py:588} INFO - Filling up the DagBag from /opt/airflow/dags/banking_etl_dag.py
[2026-05-05T21:44:01.277+0000] {processor.py:925} INFO - DAG(s) 'banking_etl_pipeline' retrieved from /opt/airflow/dags/banking_etl_dag.py
[2026-05-05T21:44:01.331+0000] {logging_mixin.py:190} INFO - [2026-05-05T21:44:01.331+0000] {dag.py:3239} INFO - Sync 1 DAGs
[2026-05-05T21:44:01.370+0000] {logging_mixin.py:190} INFO - [2026-05-05T21:44:01.369+0000] {dag.py:4180} INFO - Setting next_dagrun for banking_etl_pipeline to 2026-05-05 00:00:00+00:00, run_after=2026-05-06 00:00:00+00:00
[2026-05-05T21:44:01.393+0000] {processor.py:208} INFO - Processing /opt/airflow/dags/banking_etl_dag.py took 0.160 seconds
[2026-05-05T21:44:31.657+0000] {processor.py:186} INFO - Started process (PID=609) to work on /opt/airflow/dags/banking_etl_dag.py
[2026-05-05T21:44:31.660+0000] {processor.py:914} INFO - Processing file /opt/airflow/dags/banking_etl_dag.py for tasks to queue
[2026-05-05T21:44:31.666+0000] {logging_mixin.py:190} INFO - [2026-05-05T21:44:31.665+0000] {dagbag.py:588} INFO - Filling up the DagBag from /opt/airflow/dags/banking_etl_dag.py
[2026-05-05T21:44:31.700+0000] {processor.py:925} INFO - DAG(s) 'banking_etl_pipeline' retrieved from /opt/airflow/dags/banking_etl_dag.py
[2026-05-05T21:44:31.760+0000] {logging_mixin.py:190} INFO - [2026-05-05T21:44:31.759+0000] {dag.py:3239} INFO - Sync 1 DAGs
[2026-05-05T21:44:31.819+0000] {logging_mixin.py:190} INFO - [2026-05-05T21:44:31.819+0000] {dag.py:4180} INFO - Setting next_dagrun for banking_etl_pipeline to 2026-05-05 00:00:00+00:00, run_after=2026-05-06 00:00:00+00:00
[2026-05-05T21:44:31.859+0000] {processor.py:208} INFO - Processing /opt/airflow/dags/banking_etl_dag.py took 0.220 seconds
[2026-05-05T21:45:02.082+0000] {processor.py:186} INFO - Started process (PID=628) to work on /opt/airflow/dags/banking_etl_dag.py
[2026-05-05T21:45:02.085+0000] {processor.py:914} INFO - Processing file /opt/airflow/dags/banking_etl_dag.py for tasks to queue
[2026-05-05T21:45:02.089+0000] {logging_mixin.py:190} INFO - [2026-05-05T21:45:02.088+0000] {dagbag.py:588} INFO - Filling up the DagBag from /opt/airflow/dags/banking_etl_dag.py
[2026-05-05T21:45:02.114+0000] {processor.py:925} INFO - DAG(s) 'banking_etl_pipeline' retrieved from /opt/airflow/dags/banking_etl_dag.py
[2026-05-05T21:45:02.174+0000] {logging_mixin.py:190} INFO - [2026-05-05T21:45:02.173+0000] {dag.py:3239} INFO - Sync 1 DAGs
[2026-05-05T21:45:02.221+0000] {logging_mixin.py:190} INFO - [2026-05-05T21:45:02.220+0000] {dag.py:4180} INFO - Setting next_dagrun for banking_etl_pipeline to 2026-05-05 00:00:00+00:00, run_after=2026-05-06 00:00:00+00:00
[2026-05-05T21:45:02.253+0000] {processor.py:208} INFO - Processing /opt/airflow/dags/banking_etl_dag.py took 0.182 seconds
[2026-05-05T21:45:32.528+0000] {processor.py:186} INFO - Started process (PID=1066) to work on /opt/airflow/dags/banking_etl_dag.py
[2026-05-05T21:45:32.530+0000] {processor.py:914} INFO - Processing file /opt/airflow/dags/banking_etl_dag.py for tasks to queue
[2026-05-05T21:45:32.534+0000] {logging_mixin.py:190} INFO - [2026-05-05T21:45:32.533+0000] {dagbag.py:588} INFO - Filling up the DagBag from /opt/airflow/dags/banking_etl_dag.py
[2026-05-05T21:45:32.562+0000] {processor.py:925} INFO - DAG(s) 'banking_etl_pipeline' retrieved from /opt/airflow/dags/banking_etl_dag.py
[2026-05-05T21:45:32.607+0000] {logging_mixin.py:190} INFO - [2026-05-05T21:45:32.606+0000] {dag.py:3239} INFO - Sync 1 DAGs
[2026-05-05T21:45:32.653+0000] {logging_mixin.py:190} INFO - [2026-05-05T21:45:32.653+0000] {dag.py:4180} INFO - Setting next_dagrun for banking_etl_pipeline to 2026-05-05 00:00:00+00:00, run_after=2026-05-06 00:00:00+00:00
[2026-05-05T21:45:32.749+0000] {processor.py:208} INFO - Processing /opt/airflow/dags/banking_etl_dag.py took 0.235 seconds
[2026-05-05T21:46:02.879+0000] {processor.py:186} INFO - Started process (PID=1494) to work on /opt/airflow/dags/banking_etl_dag.py
[2026-05-05T21:46:02.882+0000] {processor.py:914} INFO - Processing file /opt/airflow/dags/banking_etl_dag.py for tasks to queue
[2026-05-05T21:46:02.885+0000] {logging_mixin.py:190} INFO - [2026-05-05T21:46:02.884+0000] {dagbag.py:588} INFO - Filling up the DagBag from /opt/airflow/dags/banking_etl_dag.py
[2026-05-05T21:46:02.915+0000] {processor.py:925} INFO - DAG(s) 'banking_etl_pipeline' retrieved from /opt/airflow/dags/banking_etl_dag.py
[2026-05-05T21:46:02.969+0000] {logging_mixin.py:190} INFO - [2026-05-05T21:46:02.968+0000] {dag.py:3239} INFO - Sync 1 DAGs
[2026-05-05T21:46:03.031+0000] {logging_mixin.py:190} INFO - [2026-05-05T21:46:03.031+0000] {dag.py:4180} INFO - Setting next_dagrun for banking_etl_pipeline to 2026-05-05 00:00:00+00:00, run_after=2026-05-06 00:00:00+00:00
[2026-05-05T21:46:03.066+0000] {processor.py:208} INFO - Processing /opt/airflow/dags/banking_etl_dag.py took 0.195 seconds
[2026-05-05T21:46:33.397+0000] {processor.py:186} INFO - Started process (PID=1508) to work on /opt/airflow/dags/banking_etl_dag.py
[2026-05-05T21:46:33.399+0000] {processor.py:914} INFO - Processing file /opt/airflow/dags/banking_etl_dag.py for tasks to queue
[2026-05-05T21:46:33.402+0000] {logging_mixin.py:190} INFO - [2026-05-05T21:46:33.401+0000] {dagbag.py:588} INFO - Filling up the DagBag from /opt/airflow/dags/banking_etl_dag.py
[2026-05-05T21:46:33.419+0000] {processor.py:925} INFO - DAG(s) 'banking_etl_pipeline' retrieved from /opt/airflow/dags/banking_etl_dag.py
[2026-05-05T21:46:33.456+0000] {logging_mixin.py:190} INFO - [2026-05-05T21:46:33.455+0000] {dag.py:3239} INFO - Sync 1 DAGs
[2026-05-05T21:46:33.497+0000] {logging_mixin.py:190} INFO - [2026-05-05T21:46:33.497+0000] {dag.py:4180} INFO - Setting next_dagrun for banking_etl_pipeline to 2026-05-05 00:00:00+00:00, run_after=2026-05-06 00:00:00+00:00
[2026-05-05T21:46:33.526+0000] {processor.py:208} INFO - Processing /opt/airflow/dags/banking_etl_dag.py took 0.136 seconds
[2026-05-05T21:47:03.764+0000] {processor.py:186} INFO - Started process (PID=1519) to work on /opt/airflow/dags/banking_etl_dag.py
[2026-05-05T21:47:03.767+0000] {processor.py:914} INFO - Processing file /opt/airflow/dags/banking_etl_dag.py for tasks to queue
[2026-05-05T21:47:03.776+0000] {logging_mixin.py:190} INFO - [2026-05-05T21:47:03.775+0000] {dagbag.py:588} INFO - Filling up the DagBag from /opt/airflow/dags/banking_etl_dag.py
[2026-05-05T21:47:03.816+0000] {processor.py:925} INFO - DAG(s) 'banking_etl_pipeline' retrieved from /opt/airflow/dags/banking_etl_dag.py
[2026-05-05T21:47:03.867+0000] {logging_mixin.py:190} INFO - [2026-05-05T21:47:03.866+0000] {dag.py:3239} INFO - Sync 1 DAGs
[2026-05-05T21:47:03.924+0000] {logging_mixin.py:190} INFO - [2026-05-05T21:47:03.924+0000] {dag.py:4180} INFO - Setting next_dagrun for banking_etl_pipeline to 2026-05-05 00:00:00+00:00, run_after=2026-05-06 00:00:00+00:00
[2026-05-05T21:47:04.007+0000] {processor.py:208} INFO - Processing /opt/airflow/dags/banking_etl_dag.py took 0.262 seconds
[2026-05-05T21:47:34.187+0000] {processor.py:186} INFO - Started process (PID=1838) to work on /opt/airflow/dags/banking_etl_dag.py
[2026-05-05T21:47:34.189+0000] {processor.py:914} INFO - Processing file /opt/airflow/dags/banking_etl_dag.py for tasks to queue
[2026-05-05T21:47:34.192+0000] {logging_mixin.py:190} INFO - [2026-05-05T21:47:34.191+0000] {dagbag.py:588} INFO - Filling up the DagBag from /opt/airflow/dags/banking_etl_dag.py
[2026-05-05T21:47:34.214+0000] {processor.py:925} INFO - DAG(s) 'banking_etl_pipeline' retrieved from /opt/airflow/dags/banking_etl_dag.py
[2026-05-05T21:47:34.274+0000] {logging_mixin.py:190} INFO - [2026-05-05T21:47:34.273+0000] {dag.py:3239} INFO - Sync 1 DAGs
[2026-05-05T21:47:34.340+0000] {logging_mixin.py:190} INFO - [2026-05-05T21:47:34.339+0000] {dag.py:4180} INFO - Setting next_dagrun for banking_etl_pipeline to 2026-05-05 00:00:00+00:00, run_after=2026-05-06 00:00:00+00:00
[2026-05-05T21:47:34.399+0000] {processor.py:208} INFO - Processing /opt/airflow/dags/banking_etl_dag.py took 0.225 seconds
[2026-05-05T21:48:04.593+0000] {processor.py:186} INFO - Started process (PID=3733) to work on /opt/airflow/dags/banking_etl_dag.py
[2026-05-05T21:48:04.594+0000] {processor.py:914} INFO - Processing file /opt/airflow/dags/banking_etl_dag.py for tasks to queue
[2026-05-05T21:48:04.597+0000] {logging_mixin.py:190} INFO - [2026-05-05T21:48:04.597+0000] {dagbag.py:588} INFO - Filling up the DagBag from /opt/airflow/dags/banking_etl_dag.py
[2026-05-05T21:48:04.632+0000] {processor.py:925} INFO - DAG(s) 'banking_etl_pipeline' retrieved from /opt/airflow/dags/banking_etl_dag.py
[2026-05-05T21:48:04.689+0000] {logging_mixin.py:190} INFO - [2026-05-05T21:48:04.689+0000] {dag.py:3239} INFO - Sync 1 DAGs
[2026-05-05T21:48:04.851+0000] {logging_mixin.py:190} INFO - [2026-05-05T21:48:04.850+0000] {dag.py:4180} INFO - Setting next_dagrun for banking_etl_pipeline to 2026-05-05 00:00:00+00:00, run_after=2026-05-06 00:00:00+00:00
[2026-05-05T21:48:04.915+0000] {processor.py:208} INFO - Processing /opt/airflow/dags/banking_etl_dag.py took 0.331 seconds
[2026-05-05T21:48:35.053+0000] {processor.py:186} INFO - Started process (PID=4260) to work on /opt/airflow/dags/banking_etl_dag.py
[2026-05-05T21:48:35.056+0000] {processor.py:914} INFO - Processing file /opt/airflow/dags/banking_etl_dag.py for tasks to queue
[2026-05-05T21:48:35.064+0000] {logging_mixin.py:190} INFO - [2026-05-05T21:48:35.063+0000] {dagbag.py:588} INFO - Filling up the DagBag from /opt/airflow/dags/banking_etl_dag.py
[2026-05-05T21:48:35.100+0000] {processor.py:925} INFO - DAG(s) 'banking_etl_pipeline' retrieved from /opt/airflow/dags/banking_etl_dag.py
[2026-05-05T21:48:35.157+0000] {logging_mixin.py:190} INFO - [2026-05-05T21:48:35.156+0000] {dag.py:3239} INFO - Sync 1 DAGs
[2026-05-05T21:48:35.213+0000] {logging_mixin.py:190} INFO - [2026-05-05T21:48:35.213+0000] {dag.py:4180} INFO - Setting next_dagrun for banking_etl_pipeline to 2026-05-05 00:00:00+00:00, run_after=2026-05-06 00:00:00+00:00
[2026-05-05T21:48:35.243+0000] {processor.py:208} INFO - Processing /opt/airflow/dags/banking_etl_dag.py took 0.207 seconds
[2026-05-05T21:49:05.416+0000] {processor.py:186} INFO - Started process (PID=4271) to work on /opt/airflow/dags/banking_etl_dag.py
[2026-05-05T21:49:05.419+0000] {processor.py:914} INFO - Processing file /opt/airflow/dags/banking_etl_dag.py for tasks to queue
[2026-05-05T21:49:05.425+0000] {logging_mixin.py:190} INFO - [2026-05-05T21:49:05.424+0000] {dagbag.py:588} INFO - Filling up the DagBag from /opt/airflow/dags/banking_etl_dag.py
[2026-05-05T21:49:05.450+0000] {processor.py:925} INFO - DAG(s) 'banking_etl_pipeline' retrieved from /opt/airflow/dags/banking_etl_dag.py
[2026-05-05T21:49:05.484+0000] {logging_mixin.py:190} INFO - [2026-05-05T21:49:05.484+0000] {dag.py:3239} INFO - Sync 1 DAGs
[2026-05-05T21:49:05.522+0000] {logging_mixin.py:190} INFO - [2026-05-05T21:49:05.522+0000] {dag.py:4180} INFO - Setting next_dagrun for banking_etl_pipeline to 2026-05-05 00:00:00+00:00, run_after=2026-05-06 00:00:00+00:00
[2026-05-05T21:49:05.552+0000] {processor.py:208} INFO - Processing /opt/airflow/dags/banking_etl_dag.py took 0.152 seconds
[2026-05-05T21:49:35.838+0000] {processor.py:186} INFO - Started process (PID=4282) to work on /opt/airflow/dags/banking_etl_dag.py
[2026-05-05T21:49:35.840+0000] {processor.py:914} INFO - Processing file /opt/airflow/dags/banking_etl_dag.py for tasks to queue
[2026-05-05T21:49:35.845+0000] {logging_mixin.py:190} INFO - [2026-05-05T21:49:35.844+0000] {dagbag.py:588} INFO - Filling up the DagBag from /opt/airflow/dags/banking_etl_dag.py
[2026-05-05T21:49:35.875+0000] {processor.py:925} INFO - DAG(s) 'banking_etl_pipeline' retrieved from /opt/airflow/dags/banking_etl_dag.py
[2026-05-05T21:49:35.917+0000] {logging_mixin.py:190} INFO - [2026-05-05T21:49:35.916+0000] {dag.py:3239} INFO - Sync 1 DAGs
[2026-05-05T21:49:35.951+0000] {logging_mixin.py:190} INFO - [2026-05-05T21:49:35.950+0000] {dag.py:4180} INFO - Setting next_dagrun for banking_etl_pipeline to 2026-05-05 00:00:00+00:00, run_after=2026-05-06 00:00:00+00:00
[2026-05-05T21:49:35.973+0000] {processor.py:208} INFO - Processing /opt/airflow/dags/banking_etl_dag.py took 0.147 seconds
[2026-05-05T21:50:06.308+0000] {processor.py:186} INFO - Started process (PID=4294) to work on /opt/airflow/dags/banking_etl_dag.py
[2026-05-05T21:50:06.312+0000] {processor.py:914} INFO - Processing file /opt/airflow/dags/banking_etl_dag.py for tasks to queue
[2026-05-05T21:50:06.318+0000] {logging_mixin.py:190} INFO - [2026-05-05T21:50:06.317+0000] {dagbag.py:588} INFO - Filling up the DagBag from /opt/airflow/dags/banking_etl_dag.py
[2026-05-05T21:50:06.355+0000] {processor.py:925} INFO - DAG(s) 'banking_etl_pipeline' retrieved from /opt/airflow/dags/banking_etl_dag.py
[2026-05-05T21:50:06.412+0000] {logging_mixin.py:190} INFO - [2026-05-05T21:50:06.412+0000] {dag.py:3239} INFO - Sync 1 DAGs
[2026-05-05T21:50:06.453+0000] {logging_mixin.py:190} INFO - [2026-05-05T21:50:06.453+0000] {dag.py:4180} INFO - Setting next_dagrun for banking_etl_pipeline to 2026-05-05 00:00:00+00:00, run_after=2026-05-06 00:00:00+00:00
[2026-05-05T21:50:06.484+0000] {processor.py:208} INFO - Processing /opt/airflow/dags/banking_etl_dag.py took 0.194 seconds
[2026-05-05T21:50:36.718+0000] {processor.py:186} INFO - Started process (PID=4386) to work on /opt/airflow/dags/banking_etl_dag.py
[2026-05-05T21:50:36.724+0000] {processor.py:914} INFO - Processing file /opt/airflow/dags/banking_etl_dag.py for tasks to queue
[2026-05-05T21:50:36.752+0000] {logging_mixin.py:190} INFO - [2026-05-05T21:50:36.751+0000] {dagbag.py:588} INFO - Filling up the DagBag from /opt/airflow/dags/banking_etl_dag.py
[2026-05-05T21:50:36.889+0000] {processor.py:925} INFO - DAG(s) 'banking_etl_pipeline' retrieved from /opt/airflow/dags/banking_etl_dag.py
[2026-05-05T21:50:37.098+0000] {logging_mixin.py:190} INFO - [2026-05-05T21:50:37.098+0000] {dag.py:3239} INFO - Sync 1 DAGs
[2026-05-05T21:50:37.304+0000] {logging_mixin.py:190} INFO - [2026-05-05T21:50:37.304+0000] {dag.py:4180} INFO - Setting next_dagrun for banking_etl_pipeline to 2026-05-05 00:00:00+00:00, run_after=2026-05-06 00:00:00+00:00
[2026-05-05T21:50:37.368+0000] {processor.py:208} INFO - Processing /opt/airflow/dags/banking_etl_dag.py took 0.689 seconds
[2026-05-05T21:51:07.871+0000] {processor.py:186} INFO - Started process (PID=4599) to work on /opt/airflow/dags/banking_etl_dag.py
[2026-05-05T21:51:07.881+0000] {processor.py:914} INFO - Processing file /opt/airflow/dags/banking_etl_dag.py for tasks to queue
[2026-05-05T21:51:07.909+0000] {logging_mixin.py:190} INFO - [2026-05-05T21:51:07.904+0000] {dagbag.py:588} INFO - Filling up the DagBag from /opt/airflow/dags/banking_etl_dag.py
[2026-05-05T21:51:09.169+0000] {processor.py:925} INFO - DAG(s) 'banking_etl_pipeline' retrieved from /opt/airflow/dags/banking_etl_dag.py
[2026-05-05T21:51:09.695+0000] {logging_mixin.py:190} INFO - [2026-05-05T21:51:09.694+0000] {dag.py:3239} INFO - Sync 1 DAGs
[2026-05-05T21:51:11.128+0000] {logging_mixin.py:190} INFO - [2026-05-05T21:51:11.127+0000] {dag.py:4180} INFO - Setting next_dagrun for banking_etl_pipeline to 2026-05-05 00:00:00+00:00, run_after=2026-05-06 00:00:00+00:00
[2026-05-05T21:51:11.309+0000] {processor.py:208} INFO - Processing /opt/airflow/dags/banking_etl_dag.py took 3.495 seconds
[2026-05-05T21:51:41.579+0000] {processor.py:186} INFO - Started process (PID=5213) to work on /opt/airflow/dags/banking_etl_dag.py
[2026-05-05T21:51:41.581+0000] {processor.py:914} INFO - Processing file /opt/airflow/dags/banking_etl_dag.py for tasks to queue
[2026-05-05T21:51:41.585+0000] {logging_mixin.py:190} INFO - [2026-05-05T21:51:41.585+0000] {dagbag.py:588} INFO - Filling up the DagBag from /opt/airflow/dags/banking_etl_dag.py
[2026-05-05T21:51:41.603+0000] {processor.py:925} INFO - DAG(s) 'banking_etl_pipeline' retrieved from /opt/airflow/dags/banking_etl_dag.py
[2026-05-05T21:51:41.663+0000] {logging_mixin.py:190} INFO - [2026-05-05T21:51:41.663+0000] {dag.py:3239} INFO - Sync 1 DAGs
[2026-05-05T21:51:41.702+0000] {logging_mixin.py:190} INFO - [2026-05-05T21:51:41.701+0000] {dag.py:4180} INFO - Setting next_dagrun for banking_etl_pipeline to 2026-05-05 00:00:00+00:00, run_after=2026-05-06 00:00:00+00:00
[2026-05-05T21:51:41.733+0000] {processor.py:208} INFO - Processing /opt/airflow/dags/banking_etl_dag.py took 0.162 seconds
[2026-05-05T21:52:11.925+0000] {processor.py:186} INFO - Started process (PID=5400) to work on /opt/airflow/dags/banking_etl_dag.py
[2026-05-05T21:52:11.927+0000] {processor.py:914} INFO - Processing file /opt/airflow/dags/banking_etl_dag.py for tasks to queue
[2026-05-05T21:52:11.930+0000] {logging_mixin.py:190} INFO - [2026-05-05T21:52:11.929+0000] {dagbag.py:588} INFO - Filling up the DagBag from /opt/airflow/dags/banking_etl_dag.py
[2026-05-05T21:52:11.949+0000] {processor.py:925} INFO - DAG(s) 'banking_etl_pipeline' retrieved from /opt/airflow/dags/banking_etl_dag.py
[2026-05-05T21:52:11.989+0000] {logging_mixin.py:190} INFO - [2026-05-05T21:52:11.989+0000] {dag.py:3239} INFO - Sync 1 DAGs
[2026-05-05T21:52:12.022+0000] {logging_mixin.py:190} INFO - [2026-05-05T21:52:12.022+0000] {dag.py:4180} INFO - Setting next_dagrun for banking_etl_pipeline to 2026-05-05 00:00:00+00:00, run_after=2026-05-06 00:00:00+00:00
[2026-05-05T21:52:12.051+0000] {processor.py:208} INFO - Processing /opt/airflow/dags/banking_etl_dag.py took 0.139 seconds
[2026-05-05T21:52:42.396+0000] {processor.py:186} INFO - Started process (PID=5410) to work on /opt/airflow/dags/banking_etl_dag.py
[2026-05-05T21:52:42.398+0000] {processor.py:914} INFO - Processing file /opt/airflow/dags/banking_etl_dag.py for tasks to queue
[2026-05-05T21:52:42.402+0000] {logging_mixin.py:190} INFO - [2026-05-05T21:52:42.401+0000] {dagbag.py:588} INFO - Filling up the DagBag from /opt/airflow/dags/banking_etl_dag.py
[2026-05-05T21:52:42.421+0000] {processor.py:925} INFO - DAG(s) 'banking_etl_pipeline' retrieved from /opt/airflow/dags/banking_etl_dag.py
[2026-05-05T21:52:42.467+0000] {logging_mixin.py:190} INFO - [2026-05-05T21:52:42.467+0000] {dag.py:3239} INFO - Sync 1 DAGs
[2026-05-05T21:52:42.522+0000] {logging_mixin.py:190} INFO - [2026-05-05T21:52:42.521+0000] {dag.py:4180} INFO - Setting next_dagrun for banking_etl_pipeline to 2026-05-05 00:00:00+00:00, run_after=2026-05-06 00:00:00+00:00
[2026-05-05T21:52:42.548+0000] {processor.py:208} INFO - Processing /opt/airflow/dags/banking_etl_dag.py took 0.163 seconds
[2026-05-05T21:53:12.682+0000] {processor.py:186} INFO - Started process (PID=5443) to work on /opt/airflow/dags/banking_etl_dag.py
[2026-05-05T21:53:12.684+0000] {processor.py:914} INFO - Processing file /opt/airflow/dags/banking_etl_dag.py for tasks to queue
[2026-05-05T21:53:12.686+0000] {logging_mixin.py:190} INFO - [2026-05-05T21:53:12.686+0000] {dagbag.py:588} INFO - Filling up the DagBag from /opt/airflow/dags/banking_etl_dag.py
[2026-05-05T21:53:12.702+0000] {processor.py:925} INFO - DAG(s) 'banking_etl_pipeline' retrieved from /opt/airflow/dags/banking_etl_dag.py
[2026-05-05T21:53:12.742+0000] {logging_mixin.py:190} INFO - [2026-05-05T21:53:12.742+0000] {dag.py:3239} INFO - Sync 1 DAGs
[2026-05-05T21:53:12.772+0000] {logging_mixin.py:190} INFO - [2026-05-05T21:53:12.772+0000] {dag.py:4180} INFO - Setting next_dagrun for banking_etl_pipeline to 2026-05-05 00:00:00+00:00, run_after=2026-05-06 00:00:00+00:00
[2026-05-05T21:53:12.796+0000] {processor.py:208} INFO - Processing /opt/airflow/dags/banking_etl_dag.py took 0.124 seconds
[2026-05-05T21:53:42.976+0000] {processor.py:186} INFO - Started process (PID=5632) to work on /opt/airflow/dags/banking_etl_dag.py
[2026-05-05T21:53:42.978+0000] {processor.py:914} INFO - Processing file /opt/airflow/dags/banking_etl_dag.py for tasks to queue
[2026-05-05T21:53:42.982+0000] {logging_mixin.py:190} INFO - [2026-05-05T21:53:42.982+0000] {dagbag.py:588} INFO - Filling up the DagBag from /opt/airflow/dags/banking_etl_dag.py
[2026-05-05T21:53:43.004+0000] {processor.py:925} INFO - DAG(s) 'banking_etl_pipeline' retrieved from /opt/airflow/dags/banking_etl_dag.py
[2026-05-05T21:53:43.048+0000] {logging_mixin.py:190} INFO - [2026-05-05T21:53:43.048+0000] {dag.py:3239} INFO - Sync 1 DAGs
[2026-05-05T21:53:43.092+0000] {logging_mixin.py:190} INFO - [2026-05-05T21:53:43.091+0000] {dag.py:4180} INFO - Setting next_dagrun for banking_etl_pipeline to 2026-05-05 00:00:00+00:00, run_after=2026-05-06 00:00:00+00:00
[2026-05-05T21:53:43.132+0000] {processor.py:208} INFO - Processing /opt/airflow/dags/banking_etl_dag.py took 0.170 seconds
[2026-05-05T21:54:13.663+0000] {processor.py:186} INFO - Started process (PID=6318) to work on /opt/airflow/dags/banking_etl_dag.py
[2026-05-05T21:54:13.665+0000] {processor.py:914} INFO - Processing file /opt/airflow/dags/banking_etl_dag.py for tasks to queue
[2026-05-05T21:54:13.672+0000] {logging_mixin.py:190} INFO - [2026-05-05T21:54:13.671+0000] {dagbag.py:588} INFO - Filling up the DagBag from /opt/airflow/dags/banking_etl_dag.py
[2026-05-05T21:54:13.741+0000] {processor.py:925} INFO - DAG(s) 'banking_etl_pipeline' retrieved from /opt/airflow/dags/banking_etl_dag.py
[2026-05-05T21:54:13.861+0000] {logging_mixin.py:190} INFO - [2026-05-05T21:54:13.860+0000] {dag.py:3239} INFO - Sync 1 DAGs
[2026-05-05T21:54:13.925+0000] {logging_mixin.py:190} INFO - [2026-05-05T21:54:13.925+0000] {dag.py:4180} INFO - Setting next_dagrun for banking_etl_pipeline to 2026-05-05 00:00:00+00:00, run_after=2026-05-06 00:00:00+00:00
[2026-05-05T21:54:13.971+0000] {processor.py:208} INFO - Processing /opt/airflow/dags/banking_etl_dag.py took 0.336 seconds
[2026-05-05T21:54:44.144+0000] {processor.py:186} INFO - Started process (PID=6584) to work on /opt/airflow/dags/banking_etl_dag.py
[2026-05-05T21:54:44.146+0000] {processor.py:914} INFO - Processing file /opt/airflow/dags/banking_etl_dag.py for tasks to queue
[2026-05-05T21:54:44.150+0000] {logging_mixin.py:190} INFO - [2026-05-05T21:54:44.149+0000] {dagbag.py:588} INFO - Filling up the DagBag from /opt/airflow/dags/banking_etl_dag.py
[2026-05-05T21:54:44.175+0000] {processor.py:925} INFO - DAG(s) 'banking_etl_pipeline' retrieved from /opt/airflow/dags/banking_etl_dag.py
[2026-05-05T21:54:44.237+0000] {logging_mixin.py:190} INFO - [2026-05-05T21:54:44.237+0000] {dag.py:3239} INFO - Sync 1 DAGs
[2026-05-05T21:54:44.290+0000] {logging_mixin.py:190} INFO - [2026-05-05T21:54:44.290+0000] {dag.py:4180} INFO - Setting next_dagrun for banking_etl_pipeline to 2026-05-05 00:00:00+00:00, run_after=2026-05-06 00:00:00+00:00
[2026-05-05T21:54:44.322+0000] {processor.py:208} INFO - Processing /opt/airflow/dags/banking_etl_dag.py took 0.200 seconds
[2026-05-05T21:55:14.645+0000] {processor.py:186} INFO - Started process (PID=6662) to work on /opt/airflow/dags/banking_etl_dag.py
[2026-05-05T21:55:14.647+0000] {processor.py:914} INFO - Processing file /opt/airflow/dags/banking_etl_dag.py for tasks to queue
[2026-05-05T21:55:14.649+0000] {logging_mixin.py:190} INFO - [2026-05-05T21:55:14.649+0000] {dagbag.py:588} INFO - Filling up the DagBag from /opt/airflow/dags/banking_etl_dag.py
[2026-05-05T21:55:14.667+0000] {processor.py:925} INFO - DAG(s) 'banking_etl_pipeline' retrieved from /opt/airflow/dags/banking_etl_dag.py
[2026-05-05T21:55:14.703+0000] {logging_mixin.py:190} INFO - [2026-05-05T21:55:14.702+0000] {dag.py:3239} INFO - Sync 1 DAGs
[2026-05-05T21:55:14.731+0000] {logging_mixin.py:190} INFO - [2026-05-05T21:55:14.731+0000] {dag.py:4180} INFO - Setting next_dagrun for banking_etl_pipeline to 2026-05-05 00:00:00+00:00, run_after=2026-05-06 00:00:00+00:00
[2026-05-05T21:55:14.755+0000] {processor.py:208} INFO - Processing /opt/airflow/dags/banking_etl_dag.py took 0.122 seconds
[2026-05-05T21:55:45.078+0000] {processor.py:186} INFO - Started process (PID=6673) to work on /opt/airflow/dags/banking_etl_dag.py
[2026-05-05T21:55:45.080+0000] {processor.py:914} INFO - Processing file /opt/airflow/dags/banking_etl_dag.py for tasks to queue
[2026-05-05T21:55:45.084+0000] {logging_mixin.py:190} INFO - [2026-05-05T21:55:45.083+0000] {dagbag.py:588} INFO - Filling up the DagBag from /opt/airflow/dags/banking_etl_dag.py
[2026-05-05T21:55:45.108+0000] {processor.py:925} INFO - DAG(s) 'banking_etl_pipeline' retrieved from /opt/airflow/dags/banking_etl_dag.py
[2026-05-05T21:55:45.159+0000] {logging_mixin.py:190} INFO - [2026-05-05T21:55:45.158+0000] {dag.py:3239} INFO - Sync 1 DAGs
[2026-05-05T21:55:45.207+0000] {logging_mixin.py:190} INFO - [2026-05-05T21:55:45.207+0000] {dag.py:4180} INFO - Setting next_dagrun for banking_etl_pipeline to 2026-05-05 00:00:00+00:00, run_after=2026-05-06 00:00:00+00:00
[2026-05-05T21:55:45.244+0000] {processor.py:208} INFO - Processing /opt/airflow/dags/banking_etl_dag.py took 0.183 seconds
[2026-05-05T21:56:15.418+0000] {processor.py:186} INFO - Started process (PID=6684) to work on /opt/airflow/dags/banking_etl_dag.py
[2026-05-05T21:56:15.420+0000] {processor.py:914} INFO - Processing file /opt/airflow/dags/banking_etl_dag.py for tasks to queue
[2026-05-05T21:56:15.424+0000] {logging_mixin.py:190} INFO - [2026-05-05T21:56:15.423+0000] {dagbag.py:588} INFO - Filling up the DagBag from /opt/airflow/dags/banking_etl_dag.py
[2026-05-05T21:56:15.445+0000] {processor.py:925} INFO - DAG(s) 'banking_etl_pipeline' retrieved from /opt/airflow/dags/banking_etl_dag.py
[2026-05-05T21:56:15.495+0000] {logging_mixin.py:190} INFO - [2026-05-05T21:56:15.494+0000] {dag.py:3239} INFO - Sync 1 DAGs
[2026-05-05T21:56:15.557+0000] {logging_mixin.py:190} INFO - [2026-05-05T21:56:15.557+0000] {dag.py:4180} INFO - Setting next_dagrun for banking_etl_pipeline to 2026-05-05 00:00:00+00:00, run_after=2026-05-06 00:00:00+00:00
[2026-05-05T21:56:15.591+0000] {processor.py:208} INFO - Processing /opt/airflow/dags/banking_etl_dag.py took 0.186 seconds
[2026-05-05T21:56:45.869+0000] {processor.py:186} INFO - Started process (PID=6696) to work on /opt/airflow/dags/banking_etl_dag.py
[2026-05-05T21:56:45.871+0000] {processor.py:914} INFO - Processing file /opt/airflow/dags/banking_etl_dag.py for tasks to queue
[2026-05-05T21:56:45.874+0000] {logging_mixin.py:190} INFO - [2026-05-05T21:56:45.873+0000] {dagbag.py:588} INFO - Filling up the DagBag from /opt/airflow/dags/banking_etl_dag.py
[2026-05-05T21:56:45.893+0000] {processor.py:925} INFO - DAG(s) 'banking_etl_pipeline' retrieved from /opt/airflow/dags/banking_etl_dag.py
[2026-05-05T21:56:45.940+0000] {logging_mixin.py:190} INFO - [2026-05-05T21:56:45.939+0000] {dag.py:3239} INFO - Sync 1 DAGs
[2026-05-05T21:56:45.980+0000] {logging_mixin.py:190} INFO - [2026-05-05T21:56:45.980+0000] {dag.py:4180} INFO - Setting next_dagrun for banking_etl_pipeline to 2026-05-05 00:00:00+00:00, run_after=2026-05-06 00:00:00+00:00
[2026-05-05T21:56:46.011+0000] {processor.py:208} INFO - Processing /opt/airflow/dags/banking_etl_dag.py took 0.156 seconds
[2026-05-05T21:57:16.205+0000] {processor.py:186} INFO - Started process (PID=6707) to work on /opt/airflow/dags/banking_etl_dag.py
[2026-05-05T21:57:16.207+0000] {processor.py:914} INFO - Processing file /opt/airflow/dags/banking_etl_dag.py for tasks to queue
[2026-05-05T21:57:16.212+0000] {logging_mixin.py:190} INFO - [2026-05-05T21:57:16.211+0000] {dagbag.py:588} INFO - Filling up the DagBag from /opt/airflow/dags/banking_etl_dag.py
[2026-05-05T21:57:16.245+0000] {processor.py:925} INFO - DAG(s) 'banking_etl_pipeline' retrieved from /opt/airflow/dags/banking_etl_dag.py
[2026-05-05T21:57:16.317+0000] {logging_mixin.py:190} INFO - [2026-05-05T21:57:16.316+0000] {dag.py:3239} INFO - Sync 1 DAGs
[2026-05-05T21:57:16.375+0000] {logging_mixin.py:190} INFO - [2026-05-05T21:57:16.375+0000] {dag.py:4180} INFO - Setting next_dagrun for banking_etl_pipeline to 2026-05-05 00:00:00+00:00, run_after=2026-05-06 00:00:00+00:00
[2026-05-05T21:57:16.423+0000] {processor.py:208} INFO - Processing /opt/airflow/dags/banking_etl_dag.py took 0.241 seconds
[2026-05-05T21:57:46.664+0000] {processor.py:186} INFO - Started process (PID=6719) to work on /opt/airflow/dags/banking_etl_dag.py
[2026-05-05T21:57:46.666+0000] {processor.py:914} INFO - Processing file /opt/airflow/dags/banking_etl_dag.py for tasks to queue
[2026-05-05T21:57:46.669+0000] {logging_mixin.py:190} INFO - [2026-05-05T21:57:46.669+0000] {dagbag.py:588} INFO - Filling up the DagBag from /opt/airflow/dags/banking_etl_dag.py
[2026-05-05T21:57:46.692+0000] {processor.py:925} INFO - DAG(s) 'banking_etl_pipeline' retrieved from /opt/airflow/dags/banking_etl_dag.py
[2026-05-05T21:57:46.744+0000] {logging_mixin.py:190} INFO - [2026-05-05T21:57:46.743+0000] {dag.py:3239} INFO - Sync 1 DAGs
[2026-05-05T21:57:46.786+0000] {logging_mixin.py:190} INFO - [2026-05-05T21:57:46.786+0000] {dag.py:4180} INFO - Setting next_dagrun for banking_etl_pipeline to 2026-05-05 00:00:00+00:00, run_after=2026-05-06 00:00:00+00:00
[2026-05-05T21:57:46.817+0000] {processor.py:208} INFO - Processing /opt/airflow/dags/banking_etl_dag.py took 0.167 seconds
[2026-05-05T21:58:17.083+0000] {processor.py:186} INFO - Started process (PID=6730) to work on /opt/airflow/dags/banking_etl_dag.py
[2026-05-05T21:58:17.084+0000] {processor.py:914} INFO - Processing file /opt/airflow/dags/banking_etl_dag.py for tasks to queue
[2026-05-05T21:58:17.087+0000] {logging_mixin.py:190} INFO - [2026-05-05T21:58:17.087+0000] {dagbag.py:588} INFO - Filling up the DagBag from /opt/airflow/dags/banking_etl_dag.py
[2026-05-05T21:58:17.102+0000] {processor.py:925} INFO - DAG(s) 'banking_etl_pipeline' retrieved from /opt/airflow/dags/banking_etl_dag.py
[2026-05-05T21:58:17.135+0000] {logging_mixin.py:190} INFO - [2026-05-05T21:58:17.135+0000] {dag.py:3239} INFO - Sync 1 DAGs
[2026-05-05T21:58:17.169+0000] {logging_mixin.py:190} INFO - [2026-05-05T21:58:17.168+0000] {dag.py:4180} INFO - Setting next_dagrun for banking_etl_pipeline to 2026-05-05 00:00:00+00:00, run_after=2026-05-06 00:00:00+00:00
[2026-05-05T21:58:17.194+0000] {processor.py:208} INFO - Processing /opt/airflow/dags/banking_etl_dag.py took 0.122 seconds
[2026-05-05T21:58:47.433+0000] {processor.py:186} INFO - Started process (PID=6741) to work on /opt/airflow/dags/banking_etl_dag.py
[2026-05-05T21:58:47.436+0000] {processor.py:914} INFO - Processing file /opt/airflow/dags/banking_etl_dag.py for tasks to queue
[2026-05-05T21:58:47.441+0000] {logging_mixin.py:190} INFO - [2026-05-05T21:58:47.440+0000] {dagbag.py:588} INFO - Filling up the DagBag from /opt/airflow/dags/banking_etl_dag.py
[2026-05-05T21:58:47.471+0000] {processor.py:925} INFO - DAG(s) 'banking_etl_pipeline' retrieved from /opt/airflow/dags/banking_etl_dag.py
[2026-05-05T21:58:47.576+0000] {logging_mixin.py:190} INFO - [2026-05-05T21:58:47.576+0000] {dag.py:3239} INFO - Sync 1 DAGs
[2026-05-05T21:58:47.631+0000] {logging_mixin.py:190} INFO - [2026-05-05T21:58:47.631+0000] {dag.py:4180} INFO - Setting next_dagrun for banking_etl_pipeline to 2026-05-05 00:00:00+00:00, run_after=2026-05-06 00:00:00+00:00
[2026-05-05T21:58:47.683+0000] {processor.py:208} INFO - Processing /opt/airflow/dags/banking_etl_dag.py took 0.271 seconds
[2026-05-05T21:59:17.776+0000] {processor.py:186} INFO - Started process (PID=6752) to work on /opt/airflow/dags/banking_etl_dag.py
[2026-05-05T21:59:17.777+0000] {processor.py:914} INFO - Processing file /opt/airflow/dags/banking_etl_dag.py for tasks to queue
[2026-05-05T21:59:17.781+0000] {logging_mixin.py:190} INFO - [2026-05-05T21:59:17.781+0000] {dagbag.py:588} INFO - Filling up the DagBag from /opt/airflow/dags/banking_etl_dag.py
[2026-05-05T21:59:17.802+0000] {processor.py:925} INFO - DAG(s) 'banking_etl_pipeline' retrieved from /opt/airflow/dags/banking_etl_dag.py
[2026-05-05T21:59:17.842+0000] {logging_mixin.py:190} INFO - [2026-05-05T21:59:17.842+0000] {dag.py:3239} INFO - Sync 1 DAGs
[2026-05-05T21:59:17.875+0000] {logging_mixin.py:190} INFO - [2026-05-05T21:59:17.875+0000] {dag.py:4180} INFO - Setting next_dagrun for banking_etl_pipeline to 2026-05-05 00:00:00+00:00, run_after=2026-05-06 00:00:00+00:00
[2026-05-05T21:59:17.904+0000] {processor.py:208} INFO - Processing /opt/airflow/dags/banking_etl_dag.py took 0.142 seconds
[2026-05-05T21:59:48.109+0000] {processor.py:186} INFO - Started process (PID=6763) to work on /opt/airflow/dags/banking_etl_dag.py
[2026-05-05T21:59:48.110+0000] {processor.py:914} INFO - Processing file /opt/airflow/dags/banking_etl_dag.py for tasks to queue
[2026-05-05T21:59:48.114+0000] {logging_mixin.py:190} INFO - [2026-05-05T21:59:48.114+0000] {dagbag.py:588} INFO - Filling up the DagBag from /opt/airflow/dags/banking_etl_dag.py
[2026-05-05T21:59:48.134+0000] {processor.py:925} INFO - DAG(s) 'banking_etl_pipeline' retrieved from /opt/airflow/dags/banking_etl_dag.py
[2026-05-05T21:59:48.175+0000] {logging_mixin.py:190} INFO - [2026-05-05T21:59:48.175+0000] {dag.py:3239} INFO - Sync 1 DAGs
[2026-05-05T21:59:48.213+0000] {logging_mixin.py:190} INFO - [2026-05-05T21:59:48.213+0000] {dag.py:4180} INFO - Setting next_dagrun for banking_etl_pipeline to 2026-05-05 00:00:00+00:00, run_after=2026-05-06 00:00:00+00:00
[2026-05-05T21:59:48.238+0000] {processor.py:208} INFO - Processing /opt/airflow/dags/banking_etl_dag.py took 0.145 seconds
[2026-05-05T22:00:18.518+0000] {processor.py:186} INFO - Started process (PID=6775) to work on /opt/airflow/dags/banking_etl_dag.py
[2026-05-05T22:00:18.520+0000] {processor.py:914} INFO - Processing file /opt/airflow/dags/banking_etl_dag.py for tasks to queue
[2026-05-05T22:00:18.523+0000] {logging_mixin.py:190} INFO - [2026-05-05T22:00:18.522+0000] {dagbag.py:588} INFO - Filling up the DagBag from /opt/airflow/dags/banking_etl_dag.py
[2026-05-05T22:00:18.538+0000] {processor.py:925} INFO - DAG(s) 'banking_etl_pipeline' retrieved from /opt/airflow/dags/banking_etl_dag.py
[2026-05-05T22:00:18.579+0000] {logging_mixin.py:190} INFO - [2026-05-05T22:00:18.578+0000] {dag.py:3239} INFO - Sync 1 DAGs
[2026-05-05T22:00:18.616+0000] {logging_mixin.py:190} INFO - [2026-05-05T22:00:18.616+0000] {dag.py:4180} INFO - Setting next_dagrun for banking_etl_pipeline to 2026-05-05 00:00:00+00:00, run_after=2026-05-06 00:00:00+00:00
[2026-05-05T22:00:18.641+0000] {processor.py:208} INFO - Processing /opt/airflow/dags/banking_etl_dag.py took 0.135 seconds
[2026-05-05T22:00:48.814+0000] {processor.py:186} INFO - Started process (PID=6786) to work on /opt/airflow/dags/banking_etl_dag.py
[2026-05-05T22:00:48.815+0000] {processor.py:914} INFO - Processing file /opt/airflow/dags/banking_etl_dag.py for tasks to queue
[2026-05-05T22:00:48.818+0000] {logging_mixin.py:190} INFO - [2026-05-05T22:00:48.818+0000] {dagbag.py:588} INFO - Filling up the DagBag from /opt/airflow/dags/banking_etl_dag.py
[2026-05-05T22:00:48.835+0000] {processor.py:925} INFO - DAG(s) 'banking_etl_pipeline' retrieved from /opt/airflow/dags/banking_etl_dag.py
[2026-05-05T22:00:48.882+0000] {logging_mixin.py:190} INFO - [2026-05-05T22:00:48.882+0000] {dag.py:3239} INFO - Sync 1 DAGs
[2026-05-05T22:00:48.927+0000] {logging_mixin.py:190} INFO - [2026-05-05T22:00:48.926+0000] {dag.py:4180} INFO - Setting next_dagrun for banking_etl_pipeline to 2026-05-05 00:00:00+00:00, run_after=2026-05-06 00:00:00+00:00
[2026-05-05T22:00:48.954+0000] {processor.py:208} INFO - Processing /opt/airflow/dags/banking_etl_dag.py took 0.159 seconds
[2026-05-05T22:01:19.218+0000] {processor.py:186} INFO - Started process (PID=6797) to work on /opt/airflow/dags/banking_etl_dag.py
[2026-05-05T22:01:19.221+0000] {processor.py:914} INFO - Processing file /opt/airflow/dags/banking_etl_dag.py for tasks to queue
[2026-05-05T22:01:19.226+0000] {logging_mixin.py:190} INFO - [2026-05-05T22:01:19.226+0000] {dagbag.py:588} INFO - Filling up the DagBag from /opt/airflow/dags/banking_etl_dag.py
[2026-05-05T22:01:19.251+0000] {processor.py:925} INFO - DAG(s) 'banking_etl_pipeline' retrieved from /opt/airflow/dags/banking_etl_dag.py
[2026-05-05T22:01:19.286+0000] {logging_mixin.py:190} INFO - [2026-05-05T22:01:19.286+0000] {dag.py:3239} INFO - Sync 1 DAGs
[2026-05-05T22:01:19.316+0000] {logging_mixin.py:190} INFO - [2026-05-05T22:01:19.315+0000] {dag.py:4180} INFO - Setting next_dagrun for banking_etl_pipeline to 2026-05-05 00:00:00+00:00, run_after=2026-05-06 00:00:00+00:00
[2026-05-05T22:01:19.341+0000] {processor.py:208} INFO - Processing /opt/airflow/dags/banking_etl_dag.py took 0.148 seconds
[2026-05-05T22:01:49.598+0000] {processor.py:186} INFO - Started process (PID=6808) to work on /opt/airflow/dags/banking_etl_dag.py
[2026-05-05T22:01:49.599+0000] {processor.py:914} INFO - Processing file /opt/airflow/dags/banking_etl_dag.py for tasks to queue
[2026-05-05T22:01:49.612+0000] {logging_mixin.py:190} INFO - [2026-05-05T22:01:49.612+0000] {dagbag.py:588} INFO - Filling up the DagBag from /opt/airflow/dags/banking_etl_dag.py
[2026-05-05T22:01:49.676+0000] {processor.py:925} INFO - DAG(s) 'banking_etl_pipeline' retrieved from /opt/airflow/dags/banking_etl_dag.py
[2026-05-05T22:01:49.722+0000] {logging_mixin.py:190} INFO - [2026-05-05T22:01:49.722+0000] {dag.py:3239} INFO - Sync 1 DAGs
[2026-05-05T22:01:49.754+0000] {logging_mixin.py:190} INFO - [2026-05-05T22:01:49.753+0000] {dag.py:4180} INFO - Setting next_dagrun for banking_etl_pipeline to 2026-05-05 00:00:00+00:00, run_after=2026-05-06 00:00:00+00:00
[2026-05-05T22:01:49.776+0000] {processor.py:208} INFO - Processing /opt/airflow/dags/banking_etl_dag.py took 0.227 seconds
[2026-05-05T22:02:19.980+0000] {processor.py:186} INFO - Started process (PID=6819) to work on /opt/airflow/dags/banking_etl_dag.py
[2026-05-05T22:02:19.982+0000] {processor.py:914} INFO - Processing file /opt/airflow/dags/banking_etl_dag.py for tasks to queue
[2026-05-05T22:02:19.987+0000] {logging_mixin.py:190} INFO - [2026-05-05T22:02:19.986+0000] {dagbag.py:588} INFO - Filling up the DagBag from /opt/airflow/dags/banking_etl_dag.py
[2026-05-05T22:02:20.011+0000] {processor.py:925} INFO - DAG(s) 'banking_etl_pipeline' retrieved from /opt/airflow/dags/banking_etl_dag.py
[2026-05-05T22:02:20.051+0000] {logging_mixin.py:190} INFO - [2026-05-05T22:02:20.051+0000] {dag.py:3239} INFO - Sync 1 DAGs
[2026-05-05T22:02:20.085+0000] {logging_mixin.py:190} INFO - [2026-05-05T22:02:20.085+0000] {dag.py:4180} INFO - Setting next_dagrun for banking_etl_pipeline to 2026-05-05 00:00:00+00:00, run_after=2026-05-06 00:00:00+00:00
[2026-05-05T22:02:20.111+0000] {processor.py:208} INFO - Processing /opt/airflow/dags/banking_etl_dag.py took 0.152 seconds
[2026-05-05T22:02:50.428+0000] {processor.py:186} INFO - Started process (PID=6830) to work on /opt/airflow/dags/banking_etl_dag.py
[2026-05-05T22:02:50.429+0000] {processor.py:914} INFO - Processing file /opt/airflow/dags/banking_etl_dag.py for tasks to queue
[2026-05-05T22:02:50.432+0000] {logging_mixin.py:190} INFO - [2026-05-05T22:02:50.432+0000] {dagbag.py:588} INFO - Filling up the DagBag from /opt/airflow/dags/banking_etl_dag.py
[2026-05-05T22:02:50.456+0000] {processor.py:925} INFO - DAG(s) 'banking_etl_pipeline' retrieved from /opt/airflow/dags/banking_etl_dag.py
[2026-05-05T22:02:50.503+0000] {logging_mixin.py:190} INFO - [2026-05-05T22:02:50.502+0000] {dag.py:3239} INFO - Sync 1 DAGs
[2026-05-05T22:02:50.548+0000] {logging_mixin.py:190} INFO - [2026-05-05T22:02:50.547+0000] {dag.py:4180} INFO - Setting next_dagrun for banking_etl_pipeline to 2026-05-05 00:00:00+00:00, run_after=2026-05-06 00:00:00+00:00
[2026-05-05T22:02:50.583+0000] {processor.py:208} INFO - Processing /opt/airflow/dags/banking_etl_dag.py took 0.174 seconds
[2026-05-05T22:03:20.727+0000] {processor.py:186} INFO - Started process (PID=6842) to work on /opt/airflow/dags/banking_etl_dag.py
[2026-05-05T22:03:20.729+0000] {processor.py:914} INFO - Processing file /opt/airflow/dags/banking_etl_dag.py for tasks to queue
[2026-05-05T22:03:20.732+0000] {logging_mixin.py:190} INFO - [2026-05-05T22:03:20.732+0000] {dagbag.py:588} INFO - Filling up the DagBag from /opt/airflow/dags/banking_etl_dag.py
[2026-05-05T22:03:20.755+0000] {processor.py:925} INFO - DAG(s) 'banking_etl_pipeline' retrieved from /opt/airflow/dags/banking_etl_dag.py
[2026-05-05T22:03:20.799+0000] {logging_mixin.py:190} INFO - [2026-05-05T22:03:20.798+0000] {dag.py:3239} INFO - Sync 1 DAGs
[2026-05-05T22:03:20.843+0000] {logging_mixin.py:190} INFO - [2026-05-05T22:03:20.843+0000] {dag.py:4180} INFO - Setting next_dagrun for banking_etl_pipeline to 2026-05-05 00:00:00+00:00, run_after=2026-05-06 00:00:00+00:00
[2026-05-05T22:03:20.879+0000] {processor.py:208} INFO - Processing /opt/airflow/dags/banking_etl_dag.py took 0.164 seconds
[2026-05-05T22:03:51.168+0000] {processor.py:186} INFO - Started process (PID=6853) to work on /opt/airflow/dags/banking_etl_dag.py
[2026-05-05T22:03:51.169+0000] {processor.py:914} INFO - Processing file /opt/airflow/dags/banking_etl_dag.py for tasks to queue
[2026-05-05T22:03:51.171+0000] {logging_mixin.py:190} INFO - [2026-05-05T22:03:51.171+0000] {dagbag.py:588} INFO - Filling up the DagBag from /opt/airflow/dags/banking_etl_dag.py
[2026-05-05T22:03:51.189+0000] {processor.py:925} INFO - DAG(s) 'banking_etl_pipeline' retrieved from /opt/airflow/dags/banking_etl_dag.py
[2026-05-05T22:03:51.226+0000] {logging_mixin.py:190} INFO - [2026-05-05T22:03:51.226+0000] {dag.py:3239} INFO - Sync 1 DAGs
[2026-05-05T22:03:58.646+0000] {logging_mixin.py:190} INFO - [2026-05-05T22:03:58.646+0000] {dag.py:4180} INFO - Setting next_dagrun for banking_etl_pipeline to 2026-05-05 00:00:00+00:00, run_after=2026-05-06 00:00:00+00:00
[2026-05-05T22:03:58.675+0000] {processor.py:208} INFO - Processing /opt/airflow/dags/banking_etl_dag.py took 7.517 seconds
[2026-05-05T22:04:29.001+0000] {processor.py:186} INFO - Started process (PID=6870) to work on /opt/airflow/dags/banking_etl_dag.py
[2026-05-05T22:04:29.002+0000] {processor.py:914} INFO - Processing file /opt/airflow/dags/banking_etl_dag.py for tasks to queue
[2026-05-05T22:04:29.006+0000] {logging_mixin.py:190} INFO - [2026-05-05T22:04:29.006+0000] {dagbag.py:588} INFO - Filling up the DagBag from /opt/airflow/dags/banking_etl_dag.py
[2026-05-05T22:04:29.026+0000] {processor.py:925} INFO - DAG(s) 'banking_etl_pipeline' retrieved from /opt/airflow/dags/banking_etl_dag.py
[2026-05-05T22:04:29.066+0000] {logging_mixin.py:190} INFO - [2026-05-05T22:04:29.066+0000] {dag.py:3239} INFO - Sync 1 DAGs
[2026-05-05T22:04:29.102+0000] {logging_mixin.py:190} INFO - [2026-05-05T22:04:29.102+0000] {dag.py:4180} INFO - Setting next_dagrun for banking_etl_pipeline to 2026-05-05 00:00:00+00:00, run_after=2026-05-06 00:00:00+00:00
[2026-05-05T22:04:29.129+0000] {processor.py:208} INFO - Processing /opt/airflow/dags/banking_etl_dag.py took 0.146 seconds
[2026-05-05T22:04:59.286+0000] {processor.py:186} INFO - Started process (PID=6881) to work on /opt/airflow/dags/banking_etl_dag.py
[2026-05-05T22:04:59.288+0000] {processor.py:914} INFO - Processing file /opt/airflow/dags/banking_etl_dag.py for tasks to queue
[2026-05-05T22:04:59.291+0000] {logging_mixin.py:190} INFO - [2026-05-05T22:04:59.290+0000] {dagbag.py:588} INFO - Filling up the DagBag from /opt/airflow/dags/banking_etl_dag.py
[2026-05-05T22:04:59.311+0000] {processor.py:925} INFO - DAG(s) 'banking_etl_pipeline' retrieved from /opt/airflow/dags/banking_etl_dag.py
[2026-05-05T22:04:59.355+0000] {logging_mixin.py:190} INFO - [2026-05-05T22:04:59.355+0000] {dag.py:3239} INFO - Sync 1 DAGs
[2026-05-05T22:04:59.393+0000] {logging_mixin.py:190} INFO - [2026-05-05T22:04:59.393+0000] {dag.py:4180} INFO - Setting next_dagrun for banking_etl_pipeline to 2026-05-05 00:00:00+00:00, run_after=2026-05-06 00:00:00+00:00
[2026-05-05T22:04:59.423+0000] {processor.py:208} INFO - Processing /opt/airflow/dags/banking_etl_dag.py took 0.152 seconds
[2026-05-05T22:05:29.748+0000] {processor.py:186} INFO - Started process (PID=6892) to work on /opt/airflow/dags/banking_etl_dag.py
[2026-05-05T22:05:29.749+0000] {processor.py:914} INFO - Processing file /opt/airflow/dags/banking_etl_dag.py for tasks to queue
[2026-05-05T22:05:29.752+0000] {logging_mixin.py:190} INFO - [2026-05-05T22:05:29.752+0000] {dagbag.py:588} INFO - Filling up the DagBag from /opt/airflow/dags/banking_etl_dag.py
[2026-05-05T22:05:29.772+0000] {processor.py:925} INFO - DAG(s) 'banking_etl_pipeline' retrieved from /opt/airflow/dags/banking_etl_dag.py
[2026-05-05T22:05:29.811+0000] {logging_mixin.py:190} INFO - [2026-05-05T22:05:29.811+0000] {dag.py:3239} INFO - Sync 1 DAGs
[2026-05-05T22:05:29.848+0000] {logging_mixin.py:190} INFO - [2026-05-05T22:05:29.848+0000] {dag.py:4180} INFO - Setting next_dagrun for banking_etl_pipeline to 2026-05-05 00:00:00+00:00, run_after=2026-05-06 00:00:00+00:00
[2026-05-05T22:05:29.880+0000] {processor.py:208} INFO - Processing /opt/airflow/dags/banking_etl_dag.py took 0.146 seconds
[2026-05-05T22:06:00.046+0000] {processor.py:186} INFO - Started process (PID=6903) to work on /opt/airflow/dags/banking_etl_dag.py
[2026-05-05T22:06:00.048+0000] {processor.py:914} INFO - Processing file /opt/airflow/dags/banking_etl_dag.py for tasks to queue
[2026-05-05T22:06:00.051+0000] {logging_mixin.py:190} INFO - [2026-05-05T22:06:00.051+0000] {dagbag.py:588} INFO - Filling up the DagBag from /opt/airflow/dags/banking_etl_dag.py
[2026-05-05T22:06:00.067+0000] {processor.py:925} INFO - DAG(s) 'banking_etl_pipeline' retrieved from /opt/airflow/dags/banking_etl_dag.py
[2026-05-05T22:06:00.100+0000] {logging_mixin.py:190} INFO - [2026-05-05T22:06:00.100+0000] {dag.py:3239} INFO - Sync 1 DAGs
[2026-05-05T22:06:00.365+0000] {logging_mixin.py:190} INFO - [2026-05-05T22:06:00.364+0000] {dag.py:4180} INFO - Setting next_dagrun for banking_etl_pipeline to 2026-05-05 00:00:00+00:00, run_after=2026-05-06 00:00:00+00:00
[2026-05-05T22:06:00.407+0000] {processor.py:208} INFO - Processing /opt/airflow/dags/banking_etl_dag.py took 0.374 seconds
[2026-05-05T22:06:30.549+0000] {processor.py:186} INFO - Started process (PID=6914) to work on /opt/airflow/dags/banking_etl_dag.py
[2026-05-05T22:06:30.552+0000] {processor.py:914} INFO - Processing file /opt/airflow/dags/banking_etl_dag.py for tasks to queue
[2026-05-05T22:06:30.558+0000] {logging_mixin.py:190} INFO - [2026-05-05T22:06:30.557+0000] {dagbag.py:588} INFO - Filling up the DagBag from /opt/airflow/dags/banking_etl_dag.py
[2026-05-05T22:06:30.595+0000] {processor.py:925} INFO - DAG(s) 'banking_etl_pipeline' retrieved from /opt/airflow/dags/banking_etl_dag.py
[2026-05-05T22:06:30.660+0000] {logging_mixin.py:190} INFO - [2026-05-05T22:06:30.660+0000] {dag.py:3239} INFO - Sync 1 DAGs
[2026-05-05T22:06:30.727+0000] {logging_mixin.py:190} INFO - [2026-05-05T22:06:30.727+0000] {dag.py:4180} INFO - Setting next_dagrun for banking_etl_pipeline to 2026-05-05 00:00:00+00:00, run_after=2026-05-06 00:00:00+00:00
[2026-05-05T22:06:30.772+0000] {processor.py:208} INFO - Processing /opt/airflow/dags/banking_etl_dag.py took 0.249 seconds
[2026-05-05T22:07:01.222+0000] {processor.py:186} INFO - Started process (PID=6925) to work on /opt/airflow/dags/banking_etl_dag.py
[2026-05-05T22:07:01.224+0000] {processor.py:914} INFO - Processing file /opt/airflow/dags/banking_etl_dag.py for tasks to queue
[2026-05-05T22:07:01.228+0000] {logging_mixin.py:190} INFO - [2026-05-05T22:07:01.227+0000] {dagbag.py:588} INFO - Filling up the DagBag from /opt/airflow/dags/banking_etl_dag.py
[2026-05-05T22:07:01.248+0000] {processor.py:925} INFO - DAG(s) 'banking_etl_pipeline' retrieved from /opt/airflow/dags/banking_etl_dag.py
[2026-05-05T22:07:01.283+0000] {logging_mixin.py:190} INFO - [2026-05-05T22:07:01.283+0000] {dag.py:3239} INFO - Sync 1 DAGs
[2026-05-05T22:07:01.312+0000] {logging_mixin.py:190} INFO - [2026-05-05T22:07:01.312+0000] {dag.py:4180} INFO - Setting next_dagrun for banking_etl_pipeline to 2026-05-05 00:00:00+00:00, run_after=2026-05-06 00:00:00+00:00
[2026-05-05T22:07:01.346+0000] {processor.py:208} INFO - Processing /opt/airflow/dags/banking_etl_dag.py took 0.147 seconds
[2026-05-05T22:07:31.681+0000] {processor.py:186} INFO - Started process (PID=6936) to work on /opt/airflow/dags/banking_etl_dag.py
[2026-05-05T22:07:31.683+0000] {processor.py:914} INFO - Processing file /opt/airflow/dags/banking_etl_dag.py for tasks to queue
[2026-05-05T22:07:31.687+0000] {logging_mixin.py:190} INFO - [2026-05-05T22:07:31.687+0000] {dagbag.py:588} INFO - Filling up the DagBag from /opt/airflow/dags/banking_etl_dag.py
[2026-05-05T22:07:31.718+0000] {processor.py:925} INFO - DAG(s) 'banking_etl_pipeline' retrieved from /opt/airflow/dags/banking_etl_dag.py
[2026-05-05T22:07:31.768+0000] {logging_mixin.py:190} INFO - [2026-05-05T22:07:31.767+0000] {dag.py:3239} INFO - Sync 1 DAGs
[2026-05-05T22:07:31.813+0000] {logging_mixin.py:190} INFO - [2026-05-05T22:07:31.813+0000] {dag.py:4180} INFO - Setting next_dagrun for banking_etl_pipeline to 2026-05-05 00:00:00+00:00, run_after=2026-05-06 00:00:00+00:00
[2026-05-05T22:07:31.841+0000] {processor.py:208} INFO - Processing /opt/airflow/dags/banking_etl_dag.py took 0.187 seconds
[2026-05-05T22:08:02.202+0000] {processor.py:186} INFO - Started process (PID=6947) to work on /opt/airflow/dags/banking_etl_dag.py
[2026-05-05T22:08:02.204+0000] {processor.py:914} INFO - Processing file /opt/airflow/dags/banking_etl_dag.py for tasks to queue
[2026-05-05T22:08:02.207+0000] {logging_mixin.py:190} INFO - [2026-05-05T22:08:02.206+0000] {dagbag.py:588} INFO - Filling up the DagBag from /opt/airflow/dags/banking_etl_dag.py
[2026-05-05T22:08:02.222+0000] {processor.py:925} INFO - DAG(s) 'banking_etl_pipeline' retrieved from /opt/airflow/dags/banking_etl_dag.py
[2026-05-05T22:08:02.256+0000] {logging_mixin.py:190} INFO - [2026-05-05T22:08:02.255+0000] {dag.py:3239} INFO - Sync 1 DAGs
[2026-05-05T22:08:02.498+0000] {logging_mixin.py:190} INFO - [2026-05-05T22:08:02.497+0000] {dag.py:4180} INFO - Setting next_dagrun for banking_etl_pipeline to 2026-05-05 00:00:00+00:00, run_after=2026-05-06 00:00:00+00:00
[2026-05-05T22:08:02.531+0000] {processor.py:208} INFO - Processing /opt/airflow/dags/banking_etl_dag.py took 0.355 seconds
[2026-05-05T22:08:32.624+0000] {processor.py:186} INFO - Started process (PID=6958) to work on /opt/airflow/dags/banking_etl_dag.py
[2026-05-05T22:08:32.626+0000] {processor.py:914} INFO - Processing file /opt/airflow/dags/banking_etl_dag.py for tasks to queue
[2026-05-05T22:08:32.629+0000] {logging_mixin.py:190} INFO - [2026-05-05T22:08:32.629+0000] {dagbag.py:588} INFO - Filling up the DagBag from /opt/airflow/dags/banking_etl_dag.py
[2026-05-05T22:08:32.644+0000] {processor.py:925} INFO - DAG(s) 'banking_etl_pipeline' retrieved from /opt/airflow/dags/banking_etl_dag.py
[2026-05-05T22:08:32.689+0000] {logging_mixin.py:190} INFO - [2026-05-05T22:08:32.689+0000] {dag.py:3239} INFO - Sync 1 DAGs
[2026-05-05T22:08:32.723+0000] {logging_mixin.py:190} INFO - [2026-05-05T22:08:32.723+0000] {dag.py:4180} INFO - Setting next_dagrun for banking_etl_pipeline to 2026-05-05 00:00:00+00:00, run_after=2026-05-06 00:00:00+00:00
[2026-05-05T22:08:32.746+0000] {processor.py:208} INFO - Processing /opt/airflow/dags/banking_etl_dag.py took 0.138 seconds
[2026-05-05T22:09:03.074+0000] {processor.py:186} INFO - Started process (PID=6969) to work on /opt/airflow/dags/banking_etl_dag.py
[2026-05-05T22:09:03.076+0000] {processor.py:914} INFO - Processing file /opt/airflow/dags/banking_etl_dag.py for tasks to queue
[2026-05-05T22:09:03.081+0000] {logging_mixin.py:190} INFO - [2026-05-05T22:09:03.080+0000] {dagbag.py:588} INFO - Filling up the DagBag from /opt/airflow/dags/banking_etl_dag.py
[2026-05-05T22:09:03.116+0000] {processor.py:925} INFO - DAG(s) 'banking_etl_pipeline' retrieved from /opt/airflow/dags/banking_etl_dag.py
[2026-05-05T22:09:03.181+0000] {logging_mixin.py:190} INFO - [2026-05-05T22:09:03.180+0000] {dag.py:3239} INFO - Sync 1 DAGs
[2026-05-05T22:09:03.221+0000] {logging_mixin.py:190} INFO - [2026-05-05T22:09:03.221+0000] {dag.py:4180} INFO - Setting next_dagrun for banking_etl_pipeline to 2026-05-05 00:00:00+00:00, run_after=2026-05-06 00:00:00+00:00
[2026-05-05T22:09:03.242+0000] {processor.py:208} INFO - Processing /opt/airflow/dags/banking_etl_dag.py took 0.205 seconds
[2026-05-05T22:09:33.558+0000] {processor.py:186} INFO - Started process (PID=6980) to work on /opt/airflow/dags/banking_etl_dag.py
[2026-05-05T22:09:33.560+0000] {processor.py:914} INFO - Processing file /opt/airflow/dags/banking_etl_dag.py for tasks to queue
[2026-05-05T22:09:33.564+0000] {logging_mixin.py:190} INFO - [2026-05-05T22:09:33.563+0000] {dagbag.py:588} INFO - Filling up the DagBag from /opt/airflow/dags/banking_etl_dag.py
[2026-05-05T22:09:33.581+0000] {processor.py:925} INFO - DAG(s) 'banking_etl_pipeline' retrieved from /opt/airflow/dags/banking_etl_dag.py
[2026-05-05T22:09:33.617+0000] {logging_mixin.py:190} INFO - [2026-05-05T22:09:33.617+0000] {dag.py:3239} INFO - Sync 1 DAGs
[2026-05-05T22:09:33.649+0000] {logging_mixin.py:190} INFO - [2026-05-05T22:09:33.649+0000] {dag.py:4180} INFO - Setting next_dagrun for banking_etl_pipeline to 2026-05-05 00:00:00+00:00, run_after=2026-05-06 00:00:00+00:00
[2026-05-05T22:09:33.672+0000] {processor.py:208} INFO - Processing /opt/airflow/dags/banking_etl_dag.py took 0.135 seconds
[2026-05-05T22:10:03.996+0000] {processor.py:186} INFO - Started process (PID=6991) to work on /opt/airflow/dags/banking_etl_dag.py
[2026-05-05T22:10:03.998+0000] {processor.py:914} INFO - Processing file /opt/airflow/dags/banking_etl_dag.py for tasks to queue
[2026-05-05T22:10:04.001+0000] {logging_mixin.py:190} INFO - [2026-05-05T22:10:04.000+0000] {dagbag.py:588} INFO - Filling up the DagBag from /opt/airflow/dags/banking_etl_dag.py
[2026-05-05T22:10:04.025+0000] {processor.py:925} INFO - DAG(s) 'banking_etl_pipeline' retrieved from /opt/airflow/dags/banking_etl_dag.py
[2026-05-05T22:10:04.077+0000] {logging_mixin.py:190} INFO - [2026-05-05T22:10:04.077+0000] {dag.py:3239} INFO - Sync 1 DAGs
[2026-05-05T22:10:04.436+0000] {logging_mixin.py:190} INFO - [2026-05-05T22:10:04.435+0000] {dag.py:4180} INFO - Setting next_dagrun for banking_etl_pipeline to 2026-05-05 00:00:00+00:00, run_after=2026-05-06 00:00:00+00:00
[2026-05-05T22:10:04.475+0000] {processor.py:208} INFO - Processing /opt/airflow/dags/banking_etl_dag.py took 0.494 seconds
[2026-05-05T22:10:34.853+0000] {processor.py:186} INFO - Started process (PID=7002) to work on /opt/airflow/dags/banking_etl_dag.py
[2026-05-05T22:10:34.855+0000] {processor.py:914} INFO - Processing file /opt/airflow/dags/banking_etl_dag.py for tasks to queue
[2026-05-05T22:10:34.859+0000] {logging_mixin.py:190} INFO - [2026-05-05T22:10:34.859+0000] {dagbag.py:588} INFO - Filling up the DagBag from /opt/airflow/dags/banking_etl_dag.py
[2026-05-05T22:10:34.886+0000] {processor.py:925} INFO - DAG(s) 'banking_etl_pipeline' retrieved from /opt/airflow/dags/banking_etl_dag.py
[2026-05-05T22:10:34.939+0000] {logging_mixin.py:190} INFO - [2026-05-05T22:10:34.939+0000] {dag.py:3239} INFO - Sync 1 DAGs
[2026-05-05T22:10:34.991+0000] {logging_mixin.py:190} INFO - [2026-05-05T22:10:34.991+0000] {dag.py:4180} INFO - Setting next_dagrun for banking_etl_pipeline to 2026-05-05 00:00:00+00:00, run_after=2026-05-06 00:00:00+00:00
[2026-05-05T22:10:35.035+0000] {processor.py:208} INFO - Processing /opt/airflow/dags/banking_etl_dag.py took 0.199 seconds
[2026-05-05T22:11:05.230+0000] {processor.py:186} INFO - Started process (PID=7013) to work on /opt/airflow/dags/banking_etl_dag.py
[2026-05-05T22:11:05.231+0000] {processor.py:914} INFO - Processing file /opt/airflow/dags/banking_etl_dag.py for tasks to queue
[2026-05-05T22:11:05.234+0000] {logging_mixin.py:190} INFO - [2026-05-05T22:11:05.233+0000] {dagbag.py:588} INFO - Filling up the DagBag from /opt/airflow/dags/banking_etl_dag.py
[2026-05-05T22:11:05.250+0000] {processor.py:925} INFO - DAG(s) 'banking_etl_pipeline' retrieved from /opt/airflow/dags/banking_etl_dag.py
[2026-05-05T22:11:05.285+0000] {logging_mixin.py:190} INFO - [2026-05-05T22:11:05.285+0000] {dag.py:3239} INFO - Sync 1 DAGs
[2026-05-05T22:11:05.322+0000] {logging_mixin.py:190} INFO - [2026-05-05T22:11:05.322+0000] {dag.py:4180} INFO - Setting next_dagrun for banking_etl_pipeline to 2026-05-05 00:00:00+00:00, run_after=2026-05-06 00:00:00+00:00
[2026-05-05T22:11:05.346+0000] {processor.py:208} INFO - Processing /opt/airflow/dags/banking_etl_dag.py took 0.133 seconds
[2026-05-05T22:11:35.685+0000] {processor.py:186} INFO - Started process (PID=7024) to work on /opt/airflow/dags/banking_etl_dag.py
[2026-05-05T22:11:35.687+0000] {processor.py:914} INFO - Processing file /opt/airflow/dags/banking_etl_dag.py for tasks to queue
[2026-05-05T22:11:35.690+0000] {logging_mixin.py:190} INFO - [2026-05-05T22:11:35.690+0000] {dagbag.py:588} INFO - Filling up the DagBag from /opt/airflow/dags/banking_etl_dag.py
[2026-05-05T22:11:35.708+0000] {processor.py:925} INFO - DAG(s) 'banking_etl_pipeline' retrieved from /opt/airflow/dags/banking_etl_dag.py
[2026-05-05T22:11:35.743+0000] {logging_mixin.py:190} INFO - [2026-05-05T22:11:35.743+0000] {dag.py:3239} INFO - Sync 1 DAGs
[2026-05-05T22:11:35.777+0000] {logging_mixin.py:190} INFO - [2026-05-05T22:11:35.777+0000] {dag.py:4180} INFO - Setting next_dagrun for banking_etl_pipeline to 2026-05-05 00:00:00+00:00, run_after=2026-05-06 00:00:00+00:00
[2026-05-05T22:11:35.806+0000] {processor.py:208} INFO - Processing /opt/airflow/dags/banking_etl_dag.py took 0.136 seconds
[2026-05-05T22:12:06.031+0000] {processor.py:186} INFO - Started process (PID=7035) to work on /opt/airflow/dags/banking_etl_dag.py
[2026-05-05T22:12:06.033+0000] {processor.py:914} INFO - Processing file /opt/airflow/dags/banking_etl_dag.py for tasks to queue
[2026-05-05T22:12:06.036+0000] {logging_mixin.py:190} INFO - [2026-05-05T22:12:06.036+0000] {dagbag.py:588} INFO - Filling up the DagBag from /opt/airflow/dags/banking_etl_dag.py
[2026-05-05T22:12:06.053+0000] {processor.py:925} INFO - DAG(s) 'banking_etl_pipeline' retrieved from /opt/airflow/dags/banking_etl_dag.py
[2026-05-05T22:12:06.090+0000] {logging_mixin.py:190} INFO - [2026-05-05T22:12:06.090+0000] {dag.py:3239} INFO - Sync 1 DAGs
[2026-05-05T22:12:06.457+0000] {logging_mixin.py:190} INFO - [2026-05-05T22:12:06.457+0000] {dag.py:4180} INFO - Setting next_dagrun for banking_etl_pipeline to 2026-05-05 00:00:00+00:00, run_after=2026-05-06 00:00:00+00:00
[2026-05-05T22:12:06.487+0000] {processor.py:208} INFO - Processing /opt/airflow/dags/banking_etl_dag.py took 0.470 seconds
[2026-05-05T22:12:36.835+0000] {processor.py:186} INFO - Started process (PID=7046) to work on /opt/airflow/dags/banking_etl_dag.py
[2026-05-05T22:12:36.837+0000] {processor.py:914} INFO - Processing file /opt/airflow/dags/banking_etl_dag.py for tasks to queue
[2026-05-05T22:12:36.840+0000] {logging_mixin.py:190} INFO - [2026-05-05T22:12:36.840+0000] {dagbag.py:588} INFO - Filling up the DagBag from /opt/airflow/dags/banking_etl_dag.py
[2026-05-05T22:12:36.859+0000] {processor.py:925} INFO - DAG(s) 'banking_etl_pipeline' retrieved from /opt/airflow/dags/banking_etl_dag.py
[2026-05-05T22:12:36.900+0000] {logging_mixin.py:190} INFO - [2026-05-05T22:12:36.899+0000] {dag.py:3239} INFO - Sync 1 DAGs
[2026-05-05T22:12:36.940+0000] {logging_mixin.py:190} INFO - [2026-05-05T22:12:36.939+0000] {dag.py:4180} INFO - Setting next_dagrun for banking_etl_pipeline to 2026-05-05 00:00:00+00:00, run_after=2026-05-06 00:00:00+00:00
[2026-05-05T22:12:36.969+0000] {processor.py:208} INFO - Processing /opt/airflow/dags/banking_etl_dag.py took 0.146 seconds
[2026-05-05T22:13:07.150+0000] {processor.py:186} INFO - Started process (PID=7057) to work on /opt/airflow/dags/banking_etl_dag.py
[2026-05-05T22:13:07.152+0000] {processor.py:914} INFO - Processing file /opt/airflow/dags/banking_etl_dag.py for tasks to queue
[2026-05-05T22:13:07.155+0000] {logging_mixin.py:190} INFO - [2026-05-05T22:13:07.155+0000] {dagbag.py:588} INFO - Filling up the DagBag from /opt/airflow/dags/banking_etl_dag.py
[2026-05-05T22:13:07.174+0000] {processor.py:925} INFO - DAG(s) 'banking_etl_pipeline' retrieved from /opt/airflow/dags/banking_etl_dag.py
[2026-05-05T22:13:07.222+0000] {logging_mixin.py:190} INFO - [2026-05-05T22:13:07.221+0000] {dag.py:3239} INFO - Sync 1 DAGs
[2026-05-05T22:13:07.266+0000] {logging_mixin.py:190} INFO - [2026-05-05T22:13:07.266+0000] {dag.py:4180} INFO - Setting next_dagrun for banking_etl_pipeline to 2026-05-05 00:00:00+00:00, run_after=2026-05-06 00:00:00+00:00
[2026-05-05T22:13:07.302+0000] {processor.py:208} INFO - Processing /opt/airflow/dags/banking_etl_dag.py took 0.166 seconds
[2026-05-05T22:13:37.648+0000] {processor.py:186} INFO - Started process (PID=7068) to work on /opt/airflow/dags/banking_etl_dag.py
[2026-05-05T22:13:37.651+0000] {processor.py:914} INFO - Processing file /opt/airflow/dags/banking_etl_dag.py for tasks to queue
[2026-05-05T22:13:37.655+0000] {logging_mixin.py:190} INFO - [2026-05-05T22:13:37.654+0000] {dagbag.py:588} INFO - Filling up the DagBag from /opt/airflow/dags/banking_etl_dag.py
[2026-05-05T22:13:37.674+0000] {processor.py:925} INFO - DAG(s) 'banking_etl_pipeline' retrieved from /opt/airflow/dags/banking_etl_dag.py
[2026-05-05T22:13:37.707+0000] {logging_mixin.py:190} INFO - [2026-05-05T22:13:37.707+0000] {dag.py:3239} INFO - Sync 1 DAGs
[2026-05-05T22:13:37.738+0000] {logging_mixin.py:190} INFO - [2026-05-05T22:13:37.737+0000] {dag.py:4180} INFO - Setting next_dagrun for banking_etl_pipeline to 2026-05-05 00:00:00+00:00, run_after=2026-05-06 00:00:00+00:00
[2026-05-05T22:13:37.761+0000] {processor.py:208} INFO - Processing /opt/airflow/dags/banking_etl_dag.py took 0.132 seconds
[2026-05-05T22:14:08.024+0000] {processor.py:186} INFO - Started process (PID=7079) to work on /opt/airflow/dags/banking_etl_dag.py
[2026-05-05T22:14:08.026+0000] {processor.py:914} INFO - Processing file /opt/airflow/dags/banking_etl_dag.py for tasks to queue
[2026-05-05T22:14:08.039+0000] {logging_mixin.py:190} INFO - [2026-05-05T22:14:08.038+0000] {dagbag.py:588} INFO - Filling up the DagBag from /opt/airflow/dags/banking_etl_dag.py
[2026-05-05T22:14:08.073+0000] {processor.py:925} INFO - DAG(s) 'banking_etl_pipeline' retrieved from /opt/airflow/dags/banking_etl_dag.py
[2026-05-05T22:14:08.110+0000] {logging_mixin.py:190} INFO - [2026-05-05T22:14:08.110+0000] {dag.py:3239} INFO - Sync 1 DAGs
[2026-05-05T22:14:08.411+0000] {logging_mixin.py:190} INFO - [2026-05-05T22:14:08.410+0000] {dag.py:4180} INFO - Setting next_dagrun for banking_etl_pipeline to 2026-05-05 00:00:00+00:00, run_after=2026-05-06 00:00:00+00:00
[2026-05-05T22:14:08.433+0000] {processor.py:208} INFO - Processing /opt/airflow/dags/banking_etl_dag.py took 0.442 seconds
[2026-05-05T22:14:38.753+0000] {processor.py:186} INFO - Started process (PID=7090) to work on /opt/airflow/dags/banking_etl_dag.py
[2026-05-05T22:14:38.755+0000] {processor.py:914} INFO - Processing file /opt/airflow/dags/banking_etl_dag.py for tasks to queue
[2026-05-05T22:14:38.758+0000] {logging_mixin.py:190} INFO - [2026-05-05T22:14:38.757+0000] {dagbag.py:588} INFO - Filling up the DagBag from /opt/airflow/dags/banking_etl_dag.py
[2026-05-05T22:14:38.775+0000] {processor.py:925} INFO - DAG(s) 'banking_etl_pipeline' retrieved from /opt/airflow/dags/banking_etl_dag.py
[2026-05-05T22:14:38.813+0000] {logging_mixin.py:190} INFO - [2026-05-05T22:14:38.813+0000] {dag.py:3239} INFO - Sync 1 DAGs
[2026-05-05T22:14:38.843+0000] {logging_mixin.py:190} INFO - [2026-05-05T22:14:38.843+0000] {dag.py:4180} INFO - Setting next_dagrun for banking_etl_pipeline to 2026-05-05 00:00:00+00:00, run_after=2026-05-06 00:00:00+00:00
[2026-05-05T22:14:38.866+0000] {processor.py:208} INFO - Processing /opt/airflow/dags/banking_etl_dag.py took 0.124 seconds
[2026-05-05T22:15:09.079+0000] {processor.py:186} INFO - Started process (PID=7101) to work on /opt/airflow/dags/banking_etl_dag.py
[2026-05-05T22:15:09.081+0000] {processor.py:914} INFO - Processing file /opt/airflow/dags/banking_etl_dag.py for tasks to queue
[2026-05-05T22:15:09.084+0000] {logging_mixin.py:190} INFO - [2026-05-05T22:15:09.083+0000] {dagbag.py:588} INFO - Filling up the DagBag from /opt/airflow/dags/banking_etl_dag.py
[2026-05-05T22:15:09.099+0000] {processor.py:925} INFO - DAG(s) 'banking_etl_pipeline' retrieved from /opt/airflow/dags/banking_etl_dag.py
[2026-05-05T22:15:09.135+0000] {logging_mixin.py:190} INFO - [2026-05-05T22:15:09.135+0000] {dag.py:3239} INFO - Sync 1 DAGs
[2026-05-05T22:15:09.165+0000] {logging_mixin.py:190} INFO - [2026-05-05T22:15:09.165+0000] {dag.py:4180} INFO - Setting next_dagrun for banking_etl_pipeline to 2026-05-05 00:00:00+00:00, run_after=2026-05-06 00:00:00+00:00
[2026-05-05T22:15:09.186+0000] {processor.py:208} INFO - Processing /opt/airflow/dags/banking_etl_dag.py took 0.125 seconds
[2026-05-05T22:15:39.503+0000] {processor.py:186} INFO - Started process (PID=7112) to work on /opt/airflow/dags/banking_etl_dag.py
[2026-05-05T22:15:39.504+0000] {processor.py:914} INFO - Processing file /opt/airflow/dags/banking_etl_dag.py for tasks to queue
[2026-05-05T22:15:39.507+0000] {logging_mixin.py:190} INFO - [2026-05-05T22:15:39.507+0000] {dagbag.py:588} INFO - Filling up the DagBag from /opt/airflow/dags/banking_etl_dag.py
[2026-05-05T22:15:39.521+0000] {processor.py:925} INFO - DAG(s) 'banking_etl_pipeline' retrieved from /opt/airflow/dags/banking_etl_dag.py
[2026-05-05T22:15:39.550+0000] {logging_mixin.py:190} INFO - [2026-05-05T22:15:39.550+0000] {dag.py:3239} INFO - Sync 1 DAGs
[2026-05-05T22:15:39.576+0000] {logging_mixin.py:190} INFO - [2026-05-05T22:15:39.576+0000] {dag.py:4180} INFO - Setting next_dagrun for banking_etl_pipeline to 2026-05-05 00:00:00+00:00, run_after=2026-05-06 00:00:00+00:00
[2026-05-05T22:15:39.599+0000] {processor.py:208} INFO - Processing /opt/airflow/dags/banking_etl_dag.py took 0.106 seconds
[2026-05-05T22:17:10.244+0000] {processor.py:186} INFO - Started process (PID=7123) to work on /opt/airflow/dags/banking_etl_dag.py
[2026-05-05T22:17:10.245+0000] {processor.py:914} INFO - Processing file /opt/airflow/dags/banking_etl_dag.py for tasks to queue
[2026-05-05T22:17:10.249+0000] {logging_mixin.py:190} INFO - [2026-05-05T22:17:10.249+0000] {dagbag.py:588} INFO - Filling up the DagBag from /opt/airflow/dags/banking_etl_dag.py
[2026-05-05T22:17:10.275+0000] {processor.py:925} INFO - DAG(s) 'banking_etl_pipeline' retrieved from /opt/airflow/dags/banking_etl_dag.py
[2026-05-05T22:17:10.319+0000] {logging_mixin.py:190} INFO - [2026-05-05T22:17:10.319+0000] {dag.py:3239} INFO - Sync 1 DAGs
[2026-05-05T22:17:10.359+0000] {logging_mixin.py:190} INFO - [2026-05-05T22:17:10.358+0000] {dag.py:4180} INFO - Setting next_dagrun for banking_etl_pipeline to 2026-05-05 00:00:00+00:00, run_after=2026-05-06 00:00:00+00:00
[2026-05-05T22:17:10.701+0000] {processor.py:208} INFO - Processing /opt/airflow/dags/banking_etl_dag.py took 0.474 seconds
[2026-05-05T22:17:41.070+0000] {processor.py:186} INFO - Started process (PID=7134) to work on /opt/airflow/dags/banking_etl_dag.py
[2026-05-05T22:17:41.072+0000] {processor.py:914} INFO - Processing file /opt/airflow/dags/banking_etl_dag.py for tasks to queue
[2026-05-05T22:17:41.077+0000] {logging_mixin.py:190} INFO - [2026-05-05T22:17:41.076+0000] {dagbag.py:588} INFO - Filling up the DagBag from /opt/airflow/dags/banking_etl_dag.py
[2026-05-05T22:17:41.099+0000] {processor.py:925} INFO - DAG(s) 'banking_etl_pipeline' retrieved from /opt/airflow/dags/banking_etl_dag.py
[2026-05-05T22:17:41.140+0000] {logging_mixin.py:190} INFO - [2026-05-05T22:17:41.139+0000] {dag.py:3239} INFO - Sync 1 DAGs
[2026-05-05T22:17:41.177+0000] {logging_mixin.py:190} INFO - [2026-05-05T22:17:41.177+0000] {dag.py:4180} INFO - Setting next_dagrun for banking_etl_pipeline to 2026-05-05 00:00:00+00:00, run_after=2026-05-06 00:00:00+00:00
[2026-05-05T22:17:41.215+0000] {processor.py:208} INFO - Processing /opt/airflow/dags/banking_etl_dag.py took 0.166 seconds
