[2026-05-06T15:53:58.307+0000] {local_task_job_runner.py:123} INFO - ::group::Pre task execution logs
[2026-05-06T15:53:58.326+0000] {taskinstance.py:2613} INFO - Dependencies all met for dep_context=non-requeueable deps ti=<TaskInstance: banking_etl_pipeline.extract_to_hdfs manual__2026-05-06T15:53:57+00:00 [queued]>
[2026-05-06T15:53:58.337+0000] {taskinstance.py:2613} INFO - Dependencies all met for dep_context=requeueable deps ti=<TaskInstance: banking_etl_pipeline.extract_to_hdfs manual__2026-05-06T15:53:57+00:00 [queued]>
[2026-05-06T15:53:58.338+0000] {taskinstance.py:2866} INFO - Starting attempt 1 of 1
[2026-05-06T15:53:58.352+0000] {taskinstance.py:2889} INFO - Executing <Task(PythonOperator): extract_to_hdfs> on 2026-05-06 15:53:57+00:00
[2026-05-06T15:53:58.362+0000] {standard_task_runner.py:104} INFO - Running: ['***', 'tasks', 'run', 'banking_etl_pipeline', 'extract_to_hdfs', 'manual__2026-05-06T15:53:57+00:00', '--job-id', '30', '--raw', '--subdir', 'DAGS_FOLDER/banking_etl_dag.py', '--cfg-path', '/tmp/tmpc1d4vhoq']
[2026-05-06T15:53:58.365+0000] {standard_task_runner.py:105} INFO - Job 30: Subtask extract_to_hdfs
[2026-05-06T15:53:58.365+0000] {logging_mixin.py:190} WARNING - /home/***/.local/lib/python3.12/site-packages/***/task/task_runner/standard_task_runner.py:70 DeprecationWarning: This process (pid=208) is multi-threaded, use of fork() may lead to deadlocks in the child.
[2026-05-06T15:53:58.366+0000] {standard_task_runner.py:72} INFO - Started process 209 to run task
[2026-05-06T15:53:58.423+0000] {task_command.py:467} INFO - Running <TaskInstance: banking_etl_pipeline.extract_to_hdfs manual__2026-05-06T15:53:57+00:00 [running]> on host 4295a7f0f430
[2026-05-06T15:53:58.534+0000] {taskinstance.py:3132} INFO - Exporting env vars: AIRFLOW_CTX_DAG_OWNER='data_team' AIRFLOW_CTX_DAG_ID='banking_etl_pipeline' AIRFLOW_CTX_TASK_ID='extract_to_hdfs' AIRFLOW_CTX_EXECUTION_DATE='2026-05-06T15:53:57+00:00' AIRFLOW_CTX_TRY_NUMBER='1' AIRFLOW_CTX_DAG_RUN_ID='manual__2026-05-06T15:53:57+00:00'
[2026-05-06T15:53:58.535+0000] {taskinstance.py:731} INFO - ::endgroup::
[2026-05-06T15:53:58.585+0000] {banking_etl_dag.py:13} INFO - === EXTRACT ===
[2026-05-06T15:53:58.586+0000] {banking_etl_dag.py:18} INFO - Files: 4
[2026-05-06T15:54:00.074+0000] {banking_etl_dag.py:32} INFO - HDFS dir ready: /banking/raw/date=2026-05-06
[2026-05-06T15:54:01.755+0000] {banking_etl_dag.py:50} INFO - ✓ transactions_batch_0001_20260429_141812.csv
[2026-05-06T15:54:02.265+0000] {banking_etl_dag.py:50} INFO - ✓ transactions_batch_0002_20260429_141817.csv
[2026-05-06T15:54:02.323+0000] {banking_etl_dag.py:50} INFO - ✓ transactions_batch_0002_20260429_114409.csv
[2026-05-06T15:54:02.384+0000] {banking_etl_dag.py:50} INFO - ✓ transactions_batch_0001_20260429_114404.csv
[2026-05-06T15:54:02.384+0000] {banking_etl_dag.py:52} INFO - Extract complete
[2026-05-06T15:54:02.385+0000] {python.py:240} INFO - Done. Returned value was: None
[2026-05-06T15:54:02.398+0000] {taskinstance.py:340} INFO - ::group::Post task execution logs
[2026-05-06T15:54:02.398+0000] {taskinstance.py:352} INFO - Marking task as SUCCESS. dag_id=banking_etl_pipeline, task_id=extract_to_hdfs, run_id=manual__2026-05-06T15:53:57+00:00, execution_date=20260506T155357, start_date=20260506T155358, end_date=20260506T155402
[2026-05-06T15:54:02.451+0000] {local_task_job_runner.py:266} INFO - Task exited with return code 0
[2026-05-06T15:54:02.483+0000] {taskinstance.py:3895} INFO - 1 downstream tasks scheduled from follow-on schedule check
[2026-05-06T15:54:02.485+0000] {local_task_job_runner.py:245} INFO - ::endgroup::
