[2026-05-06T12:08:52.461+0000] {local_task_job_runner.py:123} INFO - ::group::Pre task execution logs
[2026-05-06T12:08:52.483+0000] {taskinstance.py:2613} INFO - Dependencies all met for dep_context=non-requeueable deps ti=<TaskInstance: banking_etl_pipeline.extract_to_hdfs scheduled__2026-05-05T00:00:00+00:00 [queued]>
[2026-05-06T12:08:52.495+0000] {taskinstance.py:2613} INFO - Dependencies all met for dep_context=requeueable deps ti=<TaskInstance: banking_etl_pipeline.extract_to_hdfs scheduled__2026-05-05T00:00:00+00:00 [queued]>
[2026-05-06T12:08:52.495+0000] {taskinstance.py:2866} INFO - Starting attempt 1 of 1
[2026-05-06T12:08:52.513+0000] {taskinstance.py:2889} INFO - Executing <Task(PythonOperator): extract_to_hdfs> on 2026-05-05 00:00:00+00:00
[2026-05-06T12:08:52.521+0000] {standard_task_runner.py:104} INFO - Running: ['***', 'tasks', 'run', 'banking_etl_pipeline', 'extract_to_hdfs', 'scheduled__2026-05-05T00:00:00+00:00', '--job-id', '24', '--raw', '--subdir', 'DAGS_FOLDER/banking_etl_dag.py', '--cfg-path', '/tmp/tmpaiq_a_9b']
[2026-05-06T12:08:52.524+0000] {standard_task_runner.py:105} INFO - Job 24: Subtask extract_to_hdfs
[2026-05-06T12:08:52.525+0000] {logging_mixin.py:190} WARNING - /home/***/.local/lib/python3.12/site-packages/***/task/task_runner/standard_task_runner.py:70 DeprecationWarning: This process (pid=199) is multi-threaded, use of fork() may lead to deadlocks in the child.
[2026-05-06T12:08:52.525+0000] {standard_task_runner.py:72} INFO - Started process 202 to run task
[2026-05-06T12:08:52.586+0000] {task_command.py:467} INFO - Running <TaskInstance: banking_etl_pipeline.extract_to_hdfs scheduled__2026-05-05T00:00:00+00:00 [running]> on host 71484ce1b037
[2026-05-06T12:08:52.744+0000] {taskinstance.py:3132} INFO - Exporting env vars: AIRFLOW_CTX_DAG_OWNER='data_team' AIRFLOW_CTX_DAG_ID='banking_etl_pipeline' AIRFLOW_CTX_TASK_ID='extract_to_hdfs' AIRFLOW_CTX_EXECUTION_DATE='2026-05-05T00:00:00+00:00' AIRFLOW_CTX_TRY_NUMBER='1' AIRFLOW_CTX_DAG_RUN_ID='scheduled__2026-05-05T00:00:00+00:00'
[2026-05-06T12:08:52.745+0000] {taskinstance.py:731} INFO - ::endgroup::
[2026-05-06T12:08:52.821+0000] {banking_etl_dag.py:13} INFO - === EXTRACT ===
[2026-05-06T12:08:52.824+0000] {banking_etl_dag.py:18} INFO - Files: 0
[2026-05-06T12:08:52.824+0000] {banking_etl_dag.py:20} WARNING - No files in landing zone
[2026-05-06T12:08:52.825+0000] {python.py:240} INFO - Done. Returned value was: None
[2026-05-06T12:08:52.841+0000] {taskinstance.py:340} INFO - ::group::Post task execution logs
[2026-05-06T12:08:52.841+0000] {taskinstance.py:352} INFO - Marking task as SUCCESS. dag_id=banking_etl_pipeline, task_id=extract_to_hdfs, run_id=scheduled__2026-05-05T00:00:00+00:00, execution_date=20260505T000000, start_date=20260506T120852, end_date=20260506T120852
[2026-05-06T12:08:52.903+0000] {local_task_job_runner.py:266} INFO - Task exited with return code 0
[2026-05-06T12:08:52.942+0000] {taskinstance.py:3895} INFO - 1 downstream tasks scheduled from follow-on schedule check
[2026-05-06T12:08:52.945+0000] {local_task_job_runner.py:245} INFO - ::endgroup::
